[2024-01-05 17:21:17,926]::3435124833::DEBUG::=============15Frame VAA Fusion in stage 3 dim=128 head4,8,16,32+Video swin transformerTrain Strat!=============
[2024-01-05 17:21:57,828]::3435124833::DEBUG::=============15Frame VAA Fusion in stage 3 dim=128 head4,8,16,32+Video swin transformerTrain Strat!=============
[2024-01-05 17:23:23,071]::3435124833::DEBUG::=============15Frame VAA Fusion in stage 3 dim=128 head4,8,16,32+Video swin transformerTrain Strat!=============
[2024-01-05 17:25:58,518]::3435124833::DEBUG::=============15Framestext_video fusion in layer 3+Video swin transformerTrain Strat!=============
[2024-01-05 17:27:18,332]::3435124833::DEBUG::=============15Framestext_video fusion in layer 3+Video swin transformerTrain Strat!=============
[2024-01-05 17:27:56,925]::3435124833::DEBUG::=============15Framestext_video fusion in layer 3+Video swin transformerTrain Strat!=============
[2024-01-05 17:28:56,859]::3435124833::DEBUG::=============15Framestext_video fusion in layer 3+Video swin transformerTrain Strat!=============
[2024-01-05 17:34:23,792]::3435124833::DEBUG::=============15Framestext_video fusion in layer 3+Video swin transformerTrain Strat!=============
[2024-01-05 17:42:08,122]::3435124833::DEBUG::=============15Framestext_video fusion in layer 3 VTT+Video swin transformerTrain Strat!=============
[2024-01-05 17:51:28,502]::3435124833::DEBUG::=============15Framestext_video fusion in layer 3 VTT+Video swin transformerTrain Strat!=============
[2024-01-05 17:51:57,765]::3435124833::DEBUG::=============15Framestext_video fusion in layer 3 VTT+Video swin transformerTrain Strat!=============
[2024-01-05 17:53:07,054]::3435124833::DEBUG::=============15Framestext_video fusion in layer 3 VTT+Video swin transformerTrain Strat!=============
[2024-01-05 18:10:03,098]::3435124833::DEBUG::=============15Framestext_video fusion in layer 3 VTT+Video swin transformerTrain Strat!=============
[2024-01-05 18:18:03,560]::2955207736::DEBUG::Epoch: 1 , 1-MAE: 0.8657 , 1-train_avg_loss:0.8509 , 1-val_avg_loss:0.8657 , MAX Value:0.1343 , MAX Value Epoch:1
[2024-01-05 18:25:54,222]::2955207736::DEBUG::Epoch: 2 , 1-MAE: 0.8788 , 1-train_avg_loss:0.8657 , 1-val_avg_loss:0.8788 , MAX Value:0.1212 , MAX Value Epoch:2
[2024-01-05 18:33:46,085]::2955207736::DEBUG::Epoch: 3 , 1-MAE: 0.8920 , 1-train_avg_loss:0.8813 , 1-val_avg_loss:0.8920 , MAX Value:0.1080 , MAX Value Epoch:3
[2024-01-05 18:41:37,932]::2955207736::DEBUG::Epoch: 4 , 1-MAE: 0.8887 , 1-train_avg_loss:0.8878 , 1-val_avg_loss:0.8887 , MAX Value:0.1113 , MAX Value Epoch:4
[2024-01-05 18:49:29,956]::2955207736::DEBUG::Epoch: 5 , 1-MAE: 0.8932 , 1-train_avg_loss:0.8948 , 1-val_avg_loss:0.8932 , MAX Value:0.1068 , MAX Value Epoch:5
[2024-01-05 18:57:20,652]::2955207736::DEBUG::Epoch: 6 , 1-MAE: 0.8950 , 1-train_avg_loss:0.9008 , 1-val_avg_loss:0.8950 , MAX Value:0.1050 , MAX Value Epoch:6
[2024-01-05 19:05:11,057]::2955207736::DEBUG::Epoch: 7 , 1-MAE: 0.8860 , 1-train_avg_loss:0.9076 , 1-val_avg_loss:0.8860 , MAX Value:0.1140 , MAX Value Epoch:7
[2024-01-05 19:13:01,232]::2955207736::DEBUG::Epoch: 8 , 1-MAE: 0.8997 , 1-train_avg_loss:0.9121 , 1-val_avg_loss:0.8997 , MAX Value:0.1003 , MAX Value Epoch:8
[2024-03-19 21:10:07,582]::3435124833::DEBUG::============= VTT+Video swin transformerTrain Strat!=============
[2024-03-19 21:10:53,960]::3435124833::DEBUG::============= VTT+Video swin transformerTrain Strat!=============
[2024-03-19 21:34:39,522]::387438924::DEBUG::=============fullshot and xlm-roberta+Video swin transformerTrain Strat!=============
[2024-03-19 21:35:35,811]::387438924::DEBUG::=============fullshot and xlm-roberta+Video swin transformerTrain Strat!=============
[2024-03-19 21:38:09,257]::387438924::DEBUG::=============fullshot and text+Video swin transformerTrain Strat!=============VTT
[2024-03-19 21:46:10,490]::1375840674::DEBUG::Epoch: 1 , 1-MAE: 0.8685 , 1-val_avg_o_loss:0.8110 , 1-val_avg_c_loss:0.8704 , 1-val_avg_e_loss:0.8988 , 1-val_avg_a_loss:0.8761 , 1-val_avg_n_loss:0.8860
[2024-03-19 21:52:32,426]::1375840674::DEBUG::Epoch: 2 , 1-MAE: 0.8684 , 1-val_avg_o_loss:0.8764 , 1-val_avg_c_loss:0.8928 , 1-val_avg_e_loss:0.8840 , 1-val_avg_a_loss:0.8327 , 1-val_avg_n_loss:0.8563
[2024-03-19 21:58:54,860]::1375840674::DEBUG::Epoch: 3 , 1-MAE: 0.8828 , 1-val_avg_o_loss:0.8827 , 1-val_avg_c_loss:0.8759 , 1-val_avg_e_loss:0.8908 , 1-val_avg_a_loss:0.8958 , 1-val_avg_n_loss:0.8687
[2024-03-19 22:05:16,477]::1375840674::DEBUG::Epoch: 4 , 1-MAE: 0.8890 , 1-val_avg_o_loss:0.8825 , 1-val_avg_c_loss:0.8851 , 1-val_avg_e_loss:0.9089 , 1-val_avg_a_loss:0.8783 , 1-val_avg_n_loss:0.8904
[2024-03-19 22:11:40,034]::1375840674::DEBUG::Epoch: 5 , 1-MAE: 0.9003 , 1-val_avg_o_loss:0.9053 , 1-val_avg_c_loss:0.9015 , 1-val_avg_e_loss:0.9091 , 1-val_avg_a_loss:0.9017 , 1-val_avg_n_loss:0.8837
[2024-03-19 22:18:02,637]::1375840674::DEBUG::Epoch: 6 , 1-MAE: 0.9038 , 1-val_avg_o_loss:0.9060 , 1-val_avg_c_loss:0.9040 , 1-val_avg_e_loss:0.9106 , 1-val_avg_a_loss:0.8870 , 1-val_avg_n_loss:0.9112
[2024-03-19 22:24:25,268]::1375840674::DEBUG::Epoch: 7 , 1-MAE: 0.9087 , 1-val_avg_o_loss:0.9106 , 1-val_avg_c_loss:0.9063 , 1-val_avg_e_loss:0.9111 , 1-val_avg_a_loss:0.9052 , 1-val_avg_n_loss:0.9104
[2024-03-19 22:30:47,714]::1375840674::DEBUG::Epoch: 8 , 1-MAE: 0.9088 , 1-val_avg_o_loss:0.9091 , 1-val_avg_c_loss:0.9070 , 1-val_avg_e_loss:0.9106 , 1-val_avg_a_loss:0.9092 , 1-val_avg_n_loss:0.9082
[2024-03-19 22:37:10,346]::1375840674::DEBUG::Epoch: 9 , 1-MAE: 0.9092 , 1-val_avg_o_loss:0.9118 , 1-val_avg_c_loss:0.9065 , 1-val_avg_e_loss:0.9105 , 1-val_avg_a_loss:0.9070 , 1-val_avg_n_loss:0.9100
[2024-03-19 22:43:34,294]::1375840674::DEBUG::Epoch: 10 , 1-MAE: 0.9040 , 1-val_avg_o_loss:0.9037 , 1-val_avg_c_loss:0.8998 , 1-val_avg_e_loss:0.9066 , 1-val_avg_a_loss:0.9017 , 1-val_avg_n_loss:0.9083
[2024-03-19 22:49:57,171]::1375840674::DEBUG::Epoch: 11 , 1-MAE: 0.9019 , 1-val_avg_o_loss:0.9074 , 1-val_avg_c_loss:0.9050 , 1-val_avg_e_loss:0.8932 , 1-val_avg_a_loss:0.8993 , 1-val_avg_n_loss:0.9048
[2024-03-19 22:56:19,456]::1375840674::DEBUG::Epoch: 12 , 1-MAE: 0.9044 , 1-val_avg_o_loss:0.9117 , 1-val_avg_c_loss:0.9070 , 1-val_avg_e_loss:0.9095 , 1-val_avg_a_loss:0.9073 , 1-val_avg_n_loss:0.8866
[2024-03-19 23:02:41,561]::1375840674::DEBUG::Epoch: 13 , 1-MAE: 0.9097 , 1-val_avg_o_loss:0.9099 , 1-val_avg_c_loss:0.9074 , 1-val_avg_e_loss:0.9105 , 1-val_avg_a_loss:0.9094 , 1-val_avg_n_loss:0.9113
[2024-03-19 23:09:03,263]::1375840674::DEBUG::Epoch: 14 , 1-MAE: 0.9100 , 1-val_avg_o_loss:0.9121 , 1-val_avg_c_loss:0.9041 , 1-val_avg_e_loss:0.9148 , 1-val_avg_a_loss:0.9088 , 1-val_avg_n_loss:0.9101
[2024-03-19 23:15:26,316]::1375840674::DEBUG::Epoch: 15 , 1-MAE: 0.9095 , 1-val_avg_o_loss:0.9115 , 1-val_avg_c_loss:0.9061 , 1-val_avg_e_loss:0.9128 , 1-val_avg_a_loss:0.9107 , 1-val_avg_n_loss:0.9062
[2024-03-19 23:21:48,349]::1375840674::DEBUG::Epoch: 16 , 1-MAE: 0.9056 , 1-val_avg_o_loss:0.9106 , 1-val_avg_c_loss:0.9064 , 1-val_avg_e_loss:0.8999 , 1-val_avg_a_loss:0.9097 , 1-val_avg_n_loss:0.9017
[2024-03-19 23:28:09,878]::1375840674::DEBUG::Epoch: 17 , 1-MAE: 0.9106 , 1-val_avg_o_loss:0.9120 , 1-val_avg_c_loss:0.9074 , 1-val_avg_e_loss:0.9110 , 1-val_avg_a_loss:0.9100 , 1-val_avg_n_loss:0.9123
[2024-03-19 23:34:31,955]::1375840674::DEBUG::Epoch: 18 , 1-MAE: 0.9080 , 1-val_avg_o_loss:0.9110 , 1-val_avg_c_loss:0.9066 , 1-val_avg_e_loss:0.9083 , 1-val_avg_a_loss:0.9068 , 1-val_avg_n_loss:0.9073
[2024-03-19 23:40:54,041]::1375840674::DEBUG::Epoch: 19 , 1-MAE: 0.9095 , 1-val_avg_o_loss:0.9117 , 1-val_avg_c_loss:0.9052 , 1-val_avg_e_loss:0.9110 , 1-val_avg_a_loss:0.9104 , 1-val_avg_n_loss:0.9092
[2024-03-19 23:47:17,040]::1375840674::DEBUG::Epoch: 20 , 1-MAE: 0.9091 , 1-val_avg_o_loss:0.9116 , 1-val_avg_c_loss:0.9047 , 1-val_avg_e_loss:0.9117 , 1-val_avg_a_loss:0.9097 , 1-val_avg_n_loss:0.9076
[2024-03-19 23:53:39,188]::1375840674::DEBUG::Epoch: 21 , 1-MAE: 0.9090 , 1-val_avg_o_loss:0.9094 , 1-val_avg_c_loss:0.9054 , 1-val_avg_e_loss:0.9089 , 1-val_avg_a_loss:0.9111 , 1-val_avg_n_loss:0.9101
[2024-03-20 00:00:01,557]::1375840674::DEBUG::Epoch: 22 , 1-MAE: 0.9071 , 1-val_avg_o_loss:0.9104 , 1-val_avg_c_loss:0.8995 , 1-val_avg_e_loss:0.9074 , 1-val_avg_a_loss:0.9120 , 1-val_avg_n_loss:0.9062
[2024-03-20 00:06:24,103]::1375840674::DEBUG::Epoch: 23 , 1-MAE: 0.9095 , 1-val_avg_o_loss:0.9124 , 1-val_avg_c_loss:0.9051 , 1-val_avg_e_loss:0.9108 , 1-val_avg_a_loss:0.9119 , 1-val_avg_n_loss:0.9072
[2024-03-20 00:12:45,766]::1375840674::DEBUG::Epoch: 24 , 1-MAE: 0.9093 , 1-val_avg_o_loss:0.9112 , 1-val_avg_c_loss:0.9054 , 1-val_avg_e_loss:0.9099 , 1-val_avg_a_loss:0.9109 , 1-val_avg_n_loss:0.9092
[2024-03-20 00:19:09,295]::1375840674::DEBUG::Epoch: 25 , 1-MAE: 0.9086 , 1-val_avg_o_loss:0.9111 , 1-val_avg_c_loss:0.9002 , 1-val_avg_e_loss:0.9112 , 1-val_avg_a_loss:0.9117 , 1-val_avg_n_loss:0.9087
[2024-03-20 00:25:31,947]::1375840674::DEBUG::Epoch: 26 , 1-MAE: 0.9096 , 1-val_avg_o_loss:0.9118 , 1-val_avg_c_loss:0.9055 , 1-val_avg_e_loss:0.9092 , 1-val_avg_a_loss:0.9119 , 1-val_avg_n_loss:0.9097
[2024-03-20 00:31:53,863]::1375840674::DEBUG::Epoch: 27 , 1-MAE: 0.9093 , 1-val_avg_o_loss:0.9120 , 1-val_avg_c_loss:0.9049 , 1-val_avg_e_loss:0.9118 , 1-val_avg_a_loss:0.9098 , 1-val_avg_n_loss:0.9078
[2024-03-20 00:38:16,471]::1375840674::DEBUG::Epoch: 28 , 1-MAE: 0.9103 , 1-val_avg_o_loss:0.9127 , 1-val_avg_c_loss:0.9058 , 1-val_avg_e_loss:0.9110 , 1-val_avg_a_loss:0.9126 , 1-val_avg_n_loss:0.9092
[2024-03-20 00:44:38,219]::1375840674::DEBUG::Epoch: 29 , 1-MAE: 0.9100 , 1-val_avg_o_loss:0.9126 , 1-val_avg_c_loss:0.9018 , 1-val_avg_e_loss:0.9118 , 1-val_avg_a_loss:0.9134 , 1-val_avg_n_loss:0.9106
[2024-03-20 00:51:01,472]::1375840674::DEBUG::Epoch: 30 , 1-MAE: 0.9099 , 1-val_avg_o_loss:0.9100 , 1-val_avg_c_loss:0.9065 , 1-val_avg_e_loss:0.9121 , 1-val_avg_a_loss:0.9126 , 1-val_avg_n_loss:0.9083
[2024-03-20 00:57:23,890]::1375840674::DEBUG::Epoch: 31 , 1-MAE: 0.9097 , 1-val_avg_o_loss:0.9123 , 1-val_avg_c_loss:0.9059 , 1-val_avg_e_loss:0.9108 , 1-val_avg_a_loss:0.9103 , 1-val_avg_n_loss:0.9093
[2024-03-20 01:03:45,999]::1375840674::DEBUG::Epoch: 32 , 1-MAE: 0.9098 , 1-val_avg_o_loss:0.9129 , 1-val_avg_c_loss:0.9052 , 1-val_avg_e_loss:0.9126 , 1-val_avg_a_loss:0.9107 , 1-val_avg_n_loss:0.9079
[2024-03-20 01:10:08,430]::1375840674::DEBUG::Epoch: 33 , 1-MAE: 0.9081 , 1-val_avg_o_loss:0.9092 , 1-val_avg_c_loss:0.9040 , 1-val_avg_e_loss:0.9110 , 1-val_avg_a_loss:0.9122 , 1-val_avg_n_loss:0.9040
[2024-03-20 01:16:31,337]::1375840674::DEBUG::Epoch: 34 , 1-MAE: 0.9103 , 1-val_avg_o_loss:0.9115 , 1-val_avg_c_loss:0.9059 , 1-val_avg_e_loss:0.9127 , 1-val_avg_a_loss:0.9124 , 1-val_avg_n_loss:0.9090
[2024-03-20 01:22:55,365]::1375840674::DEBUG::Epoch: 35 , 1-MAE: 0.9101 , 1-val_avg_o_loss:0.9124 , 1-val_avg_c_loss:0.9055 , 1-val_avg_e_loss:0.9118 , 1-val_avg_a_loss:0.9115 , 1-val_avg_n_loss:0.9092
[2024-03-20 01:29:17,425]::1375840674::DEBUG::Epoch: 36 , 1-MAE: 0.9096 , 1-val_avg_o_loss:0.9109 , 1-val_avg_c_loss:0.9050 , 1-val_avg_e_loss:0.9118 , 1-val_avg_a_loss:0.9118 , 1-val_avg_n_loss:0.9086
[2024-03-20 01:35:38,930]::1375840674::DEBUG::Epoch: 37 , 1-MAE: 0.9106 , 1-val_avg_o_loss:0.9134 , 1-val_avg_c_loss:0.9066 , 1-val_avg_e_loss:0.9113 , 1-val_avg_a_loss:0.9119 , 1-val_avg_n_loss:0.9098
[2024-03-20 01:42:01,463]::1375840674::DEBUG::Epoch: 38 , 1-MAE: 0.9106 , 1-val_avg_o_loss:0.9129 , 1-val_avg_c_loss:0.9067 , 1-val_avg_e_loss:0.9124 , 1-val_avg_a_loss:0.9121 , 1-val_avg_n_loss:0.9087
[2024-03-20 01:48:24,543]::1375840674::DEBUG::Epoch: 39 , 1-MAE: 0.9108 , 1-val_avg_o_loss:0.9121 , 1-val_avg_c_loss:0.9055 , 1-val_avg_e_loss:0.9123 , 1-val_avg_a_loss:0.9134 , 1-val_avg_n_loss:0.9106
[2024-03-20 01:54:47,920]::1375840674::DEBUG::Epoch: 40 , 1-MAE: 0.9104 , 1-val_avg_o_loss:0.9118 , 1-val_avg_c_loss:0.9067 , 1-val_avg_e_loss:0.9115 , 1-val_avg_a_loss:0.9125 , 1-val_avg_n_loss:0.9096
[2024-03-20 02:01:10,112]::1375840674::DEBUG::Epoch: 41 , 1-MAE: 0.9111 , 1-val_avg_o_loss:0.9126 , 1-val_avg_c_loss:0.9065 , 1-val_avg_e_loss:0.9124 , 1-val_avg_a_loss:0.9130 , 1-val_avg_n_loss:0.9108
[2024-03-20 02:07:32,024]::1375840674::DEBUG::Epoch: 42 , 1-MAE: 0.9104 , 1-val_avg_o_loss:0.9134 , 1-val_avg_c_loss:0.9039 , 1-val_avg_e_loss:0.9130 , 1-val_avg_a_loss:0.9138 , 1-val_avg_n_loss:0.9080
[2024-03-20 02:13:53,886]::1375840674::DEBUG::Epoch: 43 , 1-MAE: 0.9109 , 1-val_avg_o_loss:0.9130 , 1-val_avg_c_loss:0.9063 , 1-val_avg_e_loss:0.9121 , 1-val_avg_a_loss:0.9135 , 1-val_avg_n_loss:0.9097
[2024-03-20 02:20:16,467]::1375840674::DEBUG::Epoch: 44 , 1-MAE: 0.9101 , 1-val_avg_o_loss:0.9113 , 1-val_avg_c_loss:0.9061 , 1-val_avg_e_loss:0.9126 , 1-val_avg_a_loss:0.9128 , 1-val_avg_n_loss:0.9078
[2024-03-20 02:26:40,181]::1375840674::DEBUG::Epoch: 45 , 1-MAE: 0.9104 , 1-val_avg_o_loss:0.9131 , 1-val_avg_c_loss:0.9066 , 1-val_avg_e_loss:0.9109 , 1-val_avg_a_loss:0.9122 , 1-val_avg_n_loss:0.9090
[2024-03-20 02:33:02,273]::1375840674::DEBUG::Epoch: 46 , 1-MAE: 0.9106 , 1-val_avg_o_loss:0.9118 , 1-val_avg_c_loss:0.9057 , 1-val_avg_e_loss:0.9127 , 1-val_avg_a_loss:0.9137 , 1-val_avg_n_loss:0.9090
[2024-03-20 02:39:24,735]::1375840674::DEBUG::Epoch: 47 , 1-MAE: 0.9100 , 1-val_avg_o_loss:0.9125 , 1-val_avg_c_loss:0.9050 , 1-val_avg_e_loss:0.9128 , 1-val_avg_a_loss:0.9128 , 1-val_avg_n_loss:0.9069
[2024-03-20 02:45:47,854]::1375840674::DEBUG::Epoch: 48 , 1-MAE: 0.9108 , 1-val_avg_o_loss:0.9132 , 1-val_avg_c_loss:0.9062 , 1-val_avg_e_loss:0.9125 , 1-val_avg_a_loss:0.9133 , 1-val_avg_n_loss:0.9090
[2024-03-20 02:52:10,705]::1375840674::DEBUG::Epoch: 49 , 1-MAE: 0.9106 , 1-val_avg_o_loss:0.9127 , 1-val_avg_c_loss:0.9057 , 1-val_avg_e_loss:0.9117 , 1-val_avg_a_loss:0.9135 , 1-val_avg_n_loss:0.9097
[2024-03-20 02:58:35,177]::1375840674::DEBUG::Epoch: 50 , 1-MAE: 0.9110 , 1-val_avg_o_loss:0.9131 , 1-val_avg_c_loss:0.9061 , 1-val_avg_e_loss:0.9131 , 1-val_avg_a_loss:0.9127 , 1-val_avg_n_loss:0.9098
[2024-03-20 03:04:57,538]::1375840674::DEBUG::Epoch: 51 , 1-MAE: 0.9112 , 1-val_avg_o_loss:0.9117 , 1-val_avg_c_loss:0.9076 , 1-val_avg_e_loss:0.9137 , 1-val_avg_a_loss:0.9126 , 1-val_avg_n_loss:0.9101
[2024-03-20 03:11:20,249]::1375840674::DEBUG::Epoch: 52 , 1-MAE: 0.9111 , 1-val_avg_o_loss:0.9124 , 1-val_avg_c_loss:0.9066 , 1-val_avg_e_loss:0.9132 , 1-val_avg_a_loss:0.9132 , 1-val_avg_n_loss:0.9103
[2024-03-20 03:17:42,760]::1375840674::DEBUG::Epoch: 53 , 1-MAE: 0.9111 , 1-val_avg_o_loss:0.9131 , 1-val_avg_c_loss:0.9063 , 1-val_avg_e_loss:0.9133 , 1-val_avg_a_loss:0.9130 , 1-val_avg_n_loss:0.9099
[2024-03-20 03:24:05,065]::1375840674::DEBUG::Epoch: 54 , 1-MAE: 0.9113 , 1-val_avg_o_loss:0.9130 , 1-val_avg_c_loss:0.9064 , 1-val_avg_e_loss:0.9128 , 1-val_avg_a_loss:0.9134 , 1-val_avg_n_loss:0.9106
[2024-03-20 03:30:28,706]::1375840674::DEBUG::Epoch: 55 , 1-MAE: 0.9106 , 1-val_avg_o_loss:0.9121 , 1-val_avg_c_loss:0.9060 , 1-val_avg_e_loss:0.9131 , 1-val_avg_a_loss:0.9129 , 1-val_avg_n_loss:0.9092
[2024-03-20 03:36:50,738]::1375840674::DEBUG::Epoch: 56 , 1-MAE: 0.9112 , 1-val_avg_o_loss:0.9128 , 1-val_avg_c_loss:0.9071 , 1-val_avg_e_loss:0.9127 , 1-val_avg_a_loss:0.9128 , 1-val_avg_n_loss:0.9105
[2024-03-20 03:43:13,146]::1375840674::DEBUG::Epoch: 57 , 1-MAE: 0.9109 , 1-val_avg_o_loss:0.9133 , 1-val_avg_c_loss:0.9067 , 1-val_avg_e_loss:0.9136 , 1-val_avg_a_loss:0.9120 , 1-val_avg_n_loss:0.9089
[2024-03-20 03:49:35,421]::1375840674::DEBUG::Epoch: 58 , 1-MAE: 0.9100 , 1-val_avg_o_loss:0.9114 , 1-val_avg_c_loss:0.9053 , 1-val_avg_e_loss:0.9130 , 1-val_avg_a_loss:0.9125 , 1-val_avg_n_loss:0.9080
[2024-03-20 03:55:57,833]::1375840674::DEBUG::Epoch: 59 , 1-MAE: 0.9106 , 1-val_avg_o_loss:0.9120 , 1-val_avg_c_loss:0.9065 , 1-val_avg_e_loss:0.9117 , 1-val_avg_a_loss:0.9128 , 1-val_avg_n_loss:0.9097
[2024-03-20 04:02:21,739]::1375840674::DEBUG::Epoch: 60 , 1-MAE: 0.9110 , 1-val_avg_o_loss:0.9118 , 1-val_avg_c_loss:0.9063 , 1-val_avg_e_loss:0.9136 , 1-val_avg_a_loss:0.9137 , 1-val_avg_n_loss:0.9095
[2024-03-20 04:08:44,338]::1375840674::DEBUG::Epoch: 61 , 1-MAE: 0.9112 , 1-val_avg_o_loss:0.9125 , 1-val_avg_c_loss:0.9065 , 1-val_avg_e_loss:0.9139 , 1-val_avg_a_loss:0.9119 , 1-val_avg_n_loss:0.9111
[2024-03-20 04:15:06,834]::1375840674::DEBUG::Epoch: 62 , 1-MAE: 0.9105 , 1-val_avg_o_loss:0.9116 , 1-val_avg_c_loss:0.9056 , 1-val_avg_e_loss:0.9129 , 1-val_avg_a_loss:0.9127 , 1-val_avg_n_loss:0.9098
[2024-03-20 04:21:28,847]::1375840674::DEBUG::Epoch: 63 , 1-MAE: 0.9112 , 1-val_avg_o_loss:0.9130 , 1-val_avg_c_loss:0.9067 , 1-val_avg_e_loss:0.9132 , 1-val_avg_a_loss:0.9137 , 1-val_avg_n_loss:0.9093
[2024-03-20 04:27:51,323]::1375840674::DEBUG::Epoch: 64 , 1-MAE: 0.9106 , 1-val_avg_o_loss:0.9127 , 1-val_avg_c_loss:0.9062 , 1-val_avg_e_loss:0.9125 , 1-val_avg_a_loss:0.9123 , 1-val_avg_n_loss:0.9095
[2024-03-20 04:34:14,688]::1375840674::DEBUG::Epoch: 65 , 1-MAE: 0.9110 , 1-val_avg_o_loss:0.9128 , 1-val_avg_c_loss:0.9059 , 1-val_avg_e_loss:0.9126 , 1-val_avg_a_loss:0.9130 , 1-val_avg_n_loss:0.9108
[2024-03-20 04:40:36,687]::1375840674::DEBUG::Epoch: 66 , 1-MAE: 0.9103 , 1-val_avg_o_loss:0.9125 , 1-val_avg_c_loss:0.9040 , 1-val_avg_e_loss:0.9129 , 1-val_avg_a_loss:0.9121 , 1-val_avg_n_loss:0.9099
[2024-03-20 04:46:58,442]::1375840674::DEBUG::Epoch: 67 , 1-MAE: 0.9108 , 1-val_avg_o_loss:0.9130 , 1-val_avg_c_loss:0.9064 , 1-val_avg_e_loss:0.9128 , 1-val_avg_a_loss:0.9130 , 1-val_avg_n_loss:0.9090
[2024-03-20 04:53:20,754]::1375840674::DEBUG::Epoch: 68 , 1-MAE: 0.9106 , 1-val_avg_o_loss:0.9122 , 1-val_avg_c_loss:0.9057 , 1-val_avg_e_loss:0.9115 , 1-val_avg_a_loss:0.9133 , 1-val_avg_n_loss:0.9102
[2024-03-20 04:59:43,257]::1375840674::DEBUG::Epoch: 69 , 1-MAE: 0.9112 , 1-val_avg_o_loss:0.9129 , 1-val_avg_c_loss:0.9068 , 1-val_avg_e_loss:0.9127 , 1-val_avg_a_loss:0.9131 , 1-val_avg_n_loss:0.9103
[2024-03-20 05:06:06,554]::1375840674::DEBUG::Epoch: 70 , 1-MAE: 0.9112 , 1-val_avg_o_loss:0.9136 , 1-val_avg_c_loss:0.9062 , 1-val_avg_e_loss:0.9132 , 1-val_avg_a_loss:0.9132 , 1-val_avg_n_loss:0.9099
[2024-03-20 05:12:29,058]::1375840674::DEBUG::Epoch: 71 , 1-MAE: 0.9109 , 1-val_avg_o_loss:0.9128 , 1-val_avg_c_loss:0.9069 , 1-val_avg_e_loss:0.9131 , 1-val_avg_a_loss:0.9113 , 1-val_avg_n_loss:0.9104
[2024-03-20 05:18:51,502]::1375840674::DEBUG::Epoch: 72 , 1-MAE: 0.9109 , 1-val_avg_o_loss:0.9126 , 1-val_avg_c_loss:0.9057 , 1-val_avg_e_loss:0.9134 , 1-val_avg_a_loss:0.9122 , 1-val_avg_n_loss:0.9105
[2024-03-20 05:25:13,634]::1375840674::DEBUG::Epoch: 73 , 1-MAE: 0.9114 , 1-val_avg_o_loss:0.9132 , 1-val_avg_c_loss:0.9069 , 1-val_avg_e_loss:0.9133 , 1-val_avg_a_loss:0.9136 , 1-val_avg_n_loss:0.9100
[2024-03-20 05:31:35,406]::1375840674::DEBUG::Epoch: 74 , 1-MAE: 0.9106 , 1-val_avg_o_loss:0.9128 , 1-val_avg_c_loss:0.9054 , 1-val_avg_e_loss:0.9128 , 1-val_avg_a_loss:0.9120 , 1-val_avg_n_loss:0.9100
[2024-03-20 05:37:58,240]::1375840674::DEBUG::Epoch: 75 , 1-MAE: 0.9108 , 1-val_avg_o_loss:0.9125 , 1-val_avg_c_loss:0.9064 , 1-val_avg_e_loss:0.9125 , 1-val_avg_a_loss:0.9116 , 1-val_avg_n_loss:0.9109
[2024-03-20 05:44:19,907]::1375840674::DEBUG::Epoch: 76 , 1-MAE: 0.9107 , 1-val_avg_o_loss:0.9121 , 1-val_avg_c_loss:0.9054 , 1-val_avg_e_loss:0.9126 , 1-val_avg_a_loss:0.9131 , 1-val_avg_n_loss:0.9103
[2024-03-20 05:50:42,821]::1375840674::DEBUG::Epoch: 77 , 1-MAE: 0.9110 , 1-val_avg_o_loss:0.9130 , 1-val_avg_c_loss:0.9063 , 1-val_avg_e_loss:0.9125 , 1-val_avg_a_loss:0.9131 , 1-val_avg_n_loss:0.9100
[2024-03-20 05:57:05,737]::1375840674::DEBUG::Epoch: 78 , 1-MAE: 0.9109 , 1-val_avg_o_loss:0.9124 , 1-val_avg_c_loss:0.9063 , 1-val_avg_e_loss:0.9137 , 1-val_avg_a_loss:0.9114 , 1-val_avg_n_loss:0.9107
[2024-03-20 06:03:28,605]::1375840674::DEBUG::Epoch: 79 , 1-MAE: 0.9105 , 1-val_avg_o_loss:0.9123 , 1-val_avg_c_loss:0.9060 , 1-val_avg_e_loss:0.9117 , 1-val_avg_a_loss:0.9123 , 1-val_avg_n_loss:0.9103
[2024-03-20 06:09:52,581]::1375840674::DEBUG::Epoch: 80 , 1-MAE: 0.9114 , 1-val_avg_o_loss:0.9129 , 1-val_avg_c_loss:0.9073 , 1-val_avg_e_loss:0.9133 , 1-val_avg_a_loss:0.9126 , 1-val_avg_n_loss:0.9108
[2024-03-20 06:16:15,062]::1375840674::DEBUG::Epoch: 81 , 1-MAE: 0.9110 , 1-val_avg_o_loss:0.9130 , 1-val_avg_c_loss:0.9054 , 1-val_avg_e_loss:0.9143 , 1-val_avg_a_loss:0.9125 , 1-val_avg_n_loss:0.9096
[2024-03-20 06:22:36,671]::1375840674::DEBUG::Epoch: 82 , 1-MAE: 0.9107 , 1-val_avg_o_loss:0.9122 , 1-val_avg_c_loss:0.9058 , 1-val_avg_e_loss:0.9127 , 1-val_avg_a_loss:0.9125 , 1-val_avg_n_loss:0.9103
[2024-03-20 06:28:58,468]::1375840674::DEBUG::Epoch: 83 , 1-MAE: 0.9111 , 1-val_avg_o_loss:0.9123 , 1-val_avg_c_loss:0.9066 , 1-val_avg_e_loss:0.9135 , 1-val_avg_a_loss:0.9125 , 1-val_avg_n_loss:0.9106
[2024-03-20 06:35:20,347]::1375840674::DEBUG::Epoch: 84 , 1-MAE: 0.9112 , 1-val_avg_o_loss:0.9129 , 1-val_avg_c_loss:0.9062 , 1-val_avg_e_loss:0.9128 , 1-val_avg_a_loss:0.9134 , 1-val_avg_n_loss:0.9106
[2024-03-20 06:41:44,691]::1375840674::DEBUG::Epoch: 85 , 1-MAE: 0.9114 , 1-val_avg_o_loss:0.9137 , 1-val_avg_c_loss:0.9061 , 1-val_avg_e_loss:0.9130 , 1-val_avg_a_loss:0.9132 , 1-val_avg_n_loss:0.9108
[2024-03-20 06:48:07,360]::1375840674::DEBUG::Epoch: 86 , 1-MAE: 0.9106 , 1-val_avg_o_loss:0.9125 , 1-val_avg_c_loss:0.9059 , 1-val_avg_e_loss:0.9125 , 1-val_avg_a_loss:0.9128 , 1-val_avg_n_loss:0.9091
[2024-03-20 06:54:29,250]::1375840674::DEBUG::Epoch: 87 , 1-MAE: 0.9113 , 1-val_avg_o_loss:0.9133 , 1-val_avg_c_loss:0.9068 , 1-val_avg_e_loss:0.9136 , 1-val_avg_a_loss:0.9125 , 1-val_avg_n_loss:0.9103
[2024-03-20 07:00:51,238]::1375840674::DEBUG::Epoch: 88 , 1-MAE: 0.9111 , 1-val_avg_o_loss:0.9130 , 1-val_avg_c_loss:0.9062 , 1-val_avg_e_loss:0.9132 , 1-val_avg_a_loss:0.9127 , 1-val_avg_n_loss:0.9102
[2024-03-20 07:07:12,995]::1375840674::DEBUG::Epoch: 89 , 1-MAE: 0.9108 , 1-val_avg_o_loss:0.9125 , 1-val_avg_c_loss:0.9062 , 1-val_avg_e_loss:0.9129 , 1-val_avg_a_loss:0.9120 , 1-val_avg_n_loss:0.9102
[2024-03-20 07:13:36,035]::1375840674::DEBUG::Epoch: 90 , 1-MAE: 0.9112 , 1-val_avg_o_loss:0.9132 , 1-val_avg_c_loss:0.9057 , 1-val_avg_e_loss:0.9142 , 1-val_avg_a_loss:0.9130 , 1-val_avg_n_loss:0.9099
[2024-03-20 07:19:58,568]::1375840674::DEBUG::Epoch: 91 , 1-MAE: 0.9107 , 1-val_avg_o_loss:0.9124 , 1-val_avg_c_loss:0.9055 , 1-val_avg_e_loss:0.9135 , 1-val_avg_a_loss:0.9116 , 1-val_avg_n_loss:0.9103
[2024-03-20 07:26:20,532]::1375840674::DEBUG::Epoch: 92 , 1-MAE: 0.9111 , 1-val_avg_o_loss:0.9130 , 1-val_avg_c_loss:0.9066 , 1-val_avg_e_loss:0.9131 , 1-val_avg_a_loss:0.9133 , 1-val_avg_n_loss:0.9097
[2024-03-20 07:32:43,424]::1375840674::DEBUG::Epoch: 93 , 1-MAE: 0.9110 , 1-val_avg_o_loss:0.9124 , 1-val_avg_c_loss:0.9063 , 1-val_avg_e_loss:0.9119 , 1-val_avg_a_loss:0.9132 , 1-val_avg_n_loss:0.9111
[2024-03-20 07:39:06,305]::1375840674::DEBUG::Epoch: 94 , 1-MAE: 0.9104 , 1-val_avg_o_loss:0.9126 , 1-val_avg_c_loss:0.9052 , 1-val_avg_e_loss:0.9129 , 1-val_avg_a_loss:0.9120 , 1-val_avg_n_loss:0.9094
[2024-03-20 07:45:29,979]::1375840674::DEBUG::Epoch: 95 , 1-MAE: 0.9107 , 1-val_avg_o_loss:0.9121 , 1-val_avg_c_loss:0.9063 , 1-val_avg_e_loss:0.9127 , 1-val_avg_a_loss:0.9126 , 1-val_avg_n_loss:0.9098
[2024-03-20 07:51:52,719]::1375840674::DEBUG::Epoch: 96 , 1-MAE: 0.9106 , 1-val_avg_o_loss:0.9121 , 1-val_avg_c_loss:0.9054 , 1-val_avg_e_loss:0.9130 , 1-val_avg_a_loss:0.9121 , 1-val_avg_n_loss:0.9103
[2024-03-20 07:58:15,340]::1375840674::DEBUG::Epoch: 97 , 1-MAE: 0.9111 , 1-val_avg_o_loss:0.9119 , 1-val_avg_c_loss:0.9062 , 1-val_avg_e_loss:0.9132 , 1-val_avg_a_loss:0.9133 , 1-val_avg_n_loss:0.9110
[2024-03-20 08:04:37,308]::1375840674::DEBUG::Epoch: 98 , 1-MAE: 0.9112 , 1-val_avg_o_loss:0.9128 , 1-val_avg_c_loss:0.9062 , 1-val_avg_e_loss:0.9131 , 1-val_avg_a_loss:0.9128 , 1-val_avg_n_loss:0.9109
[2024-03-20 08:10:59,444]::1375840674::DEBUG::Epoch: 99 , 1-MAE: 0.9109 , 1-val_avg_o_loss:0.9129 , 1-val_avg_c_loss:0.9057 , 1-val_avg_e_loss:0.9132 , 1-val_avg_a_loss:0.9129 , 1-val_avg_n_loss:0.9100
[2024-03-20 08:17:23,285]::1375840674::DEBUG::Epoch: 100 , 1-MAE: 0.9112 , 1-val_avg_o_loss:0.9130 , 1-val_avg_c_loss:0.9060 , 1-val_avg_e_loss:0.9133 , 1-val_avg_a_loss:0.9129 , 1-val_avg_n_loss:0.9106
[2024-03-20 08:23:46,791]::1375840674::DEBUG::Epoch: 101 , 1-MAE: 0.9115 , 1-val_avg_o_loss:0.9119 , 1-val_avg_c_loss:0.9070 , 1-val_avg_e_loss:0.9141 , 1-val_avg_a_loss:0.9135 , 1-val_avg_n_loss:0.9110
[2024-03-20 08:30:09,230]::1375840674::DEBUG::Epoch: 102 , 1-MAE: 0.9111 , 1-val_avg_o_loss:0.9128 , 1-val_avg_c_loss:0.9063 , 1-val_avg_e_loss:0.9130 , 1-val_avg_a_loss:0.9132 , 1-val_avg_n_loss:0.9102
[2024-03-20 08:36:31,395]::1375840674::DEBUG::Epoch: 103 , 1-MAE: 0.9111 , 1-val_avg_o_loss:0.9116 , 1-val_avg_c_loss:0.9063 , 1-val_avg_e_loss:0.9134 , 1-val_avg_a_loss:0.9134 , 1-val_avg_n_loss:0.9107
[2024-03-20 08:42:53,281]::1375840674::DEBUG::Epoch: 104 , 1-MAE: 0.9105 , 1-val_avg_o_loss:0.9125 , 1-val_avg_c_loss:0.9054 , 1-val_avg_e_loss:0.9126 , 1-val_avg_a_loss:0.9126 , 1-val_avg_n_loss:0.9097
[2024-03-20 08:49:16,968]::1375840674::DEBUG::Epoch: 105 , 1-MAE: 0.9109 , 1-val_avg_o_loss:0.9126 , 1-val_avg_c_loss:0.9062 , 1-val_avg_e_loss:0.9129 , 1-val_avg_a_loss:0.9126 , 1-val_avg_n_loss:0.9100
[2024-03-20 08:55:40,162]::1375840674::DEBUG::Epoch: 106 , 1-MAE: 0.9104 , 1-val_avg_o_loss:0.9116 , 1-val_avg_c_loss:0.9054 , 1-val_avg_e_loss:0.9125 , 1-val_avg_a_loss:0.9127 , 1-val_avg_n_loss:0.9100
[2024-03-20 09:02:02,457]::1375840674::DEBUG::Epoch: 107 , 1-MAE: 0.9110 , 1-val_avg_o_loss:0.9129 , 1-val_avg_c_loss:0.9060 , 1-val_avg_e_loss:0.9134 , 1-val_avg_a_loss:0.9126 , 1-val_avg_n_loss:0.9101
[2024-03-20 09:08:24,387]::1375840674::DEBUG::Epoch: 108 , 1-MAE: 0.9110 , 1-val_avg_o_loss:0.9133 , 1-val_avg_c_loss:0.9056 , 1-val_avg_e_loss:0.9140 , 1-val_avg_a_loss:0.9125 , 1-val_avg_n_loss:0.9094
[2024-03-20 09:14:46,565]::1375840674::DEBUG::Epoch: 109 , 1-MAE: 0.9109 , 1-val_avg_o_loss:0.9126 , 1-val_avg_c_loss:0.9057 , 1-val_avg_e_loss:0.9131 , 1-val_avg_a_loss:0.9130 , 1-val_avg_n_loss:0.9099
[2024-03-20 09:21:09,352]::1375840674::DEBUG::Epoch: 110 , 1-MAE: 0.9109 , 1-val_avg_o_loss:0.9131 , 1-val_avg_c_loss:0.9059 , 1-val_avg_e_loss:0.9133 , 1-val_avg_a_loss:0.9124 , 1-val_avg_n_loss:0.9099
[2024-03-20 09:27:31,088]::1375840674::DEBUG::Epoch: 111 , 1-MAE: 0.9104 , 1-val_avg_o_loss:0.9128 , 1-val_avg_c_loss:0.9060 , 1-val_avg_e_loss:0.9119 , 1-val_avg_a_loss:0.9120 , 1-val_avg_n_loss:0.9092
[2024-03-20 09:33:53,396]::1375840674::DEBUG::Epoch: 112 , 1-MAE: 0.9105 , 1-val_avg_o_loss:0.9125 , 1-val_avg_c_loss:0.9055 , 1-val_avg_e_loss:0.9131 , 1-val_avg_a_loss:0.9114 , 1-val_avg_n_loss:0.9097
[2024-03-20 09:40:15,762]::1375840674::DEBUG::Epoch: 113 , 1-MAE: 0.9113 , 1-val_avg_o_loss:0.9133 , 1-val_avg_c_loss:0.9064 , 1-val_avg_e_loss:0.9138 , 1-val_avg_a_loss:0.9125 , 1-val_avg_n_loss:0.9103
[2024-03-20 09:46:37,905]::1375840674::DEBUG::Epoch: 114 , 1-MAE: 0.9108 , 1-val_avg_o_loss:0.9130 , 1-val_avg_c_loss:0.9057 , 1-val_avg_e_loss:0.9131 , 1-val_avg_a_loss:0.9126 , 1-val_avg_n_loss:0.9099
[2024-03-20 09:53:01,064]::1375840674::DEBUG::Epoch: 115 , 1-MAE: 0.9109 , 1-val_avg_o_loss:0.9121 , 1-val_avg_c_loss:0.9061 , 1-val_avg_e_loss:0.9135 , 1-val_avg_a_loss:0.9123 , 1-val_avg_n_loss:0.9106
[2024-03-20 09:59:22,937]::1375840674::DEBUG::Epoch: 116 , 1-MAE: 0.9108 , 1-val_avg_o_loss:0.9126 , 1-val_avg_c_loss:0.9059 , 1-val_avg_e_loss:0.9128 , 1-val_avg_a_loss:0.9124 , 1-val_avg_n_loss:0.9100
[2024-03-20 10:05:44,675]::1375840674::DEBUG::Epoch: 117 , 1-MAE: 0.9108 , 1-val_avg_o_loss:0.9121 , 1-val_avg_c_loss:0.9055 , 1-val_avg_e_loss:0.9131 , 1-val_avg_a_loss:0.9131 , 1-val_avg_n_loss:0.9102
[2024-03-20 10:12:06,753]::1375840674::DEBUG::Epoch: 118 , 1-MAE: 0.9103 , 1-val_avg_o_loss:0.9115 , 1-val_avg_c_loss:0.9053 , 1-val_avg_e_loss:0.9129 , 1-val_avg_a_loss:0.9125 , 1-val_avg_n_loss:0.9094
[2024-03-20 10:18:29,060]::1375840674::DEBUG::Epoch: 119 , 1-MAE: 0.9108 , 1-val_avg_o_loss:0.9125 , 1-val_avg_c_loss:0.9060 , 1-val_avg_e_loss:0.9134 , 1-val_avg_a_loss:0.9121 , 1-val_avg_n_loss:0.9099
[2024-03-20 10:24:52,415]::1375840674::DEBUG::Epoch: 120 , 1-MAE: 0.9108 , 1-val_avg_o_loss:0.9121 , 1-val_avg_c_loss:0.9057 , 1-val_avg_e_loss:0.9130 , 1-val_avg_a_loss:0.9132 , 1-val_avg_n_loss:0.9103
