[2024-01-05 17:21:17,926]::3435124833::DEBUG::=============15Frame VAA Fusion in stage 3 dim=128 head4,8,16,32+Video swin transformerTrain Strat!=============
[2024-01-05 17:21:57,828]::3435124833::DEBUG::=============15Frame VAA Fusion in stage 3 dim=128 head4,8,16,32+Video swin transformerTrain Strat!=============
[2024-01-05 17:23:23,071]::3435124833::DEBUG::=============15Frame VAA Fusion in stage 3 dim=128 head4,8,16,32+Video swin transformerTrain Strat!=============
[2024-01-05 17:25:58,518]::3435124833::DEBUG::=============15Framestext_video fusion in layer 3+Video swin transformerTrain Strat!=============
[2024-01-05 17:27:18,332]::3435124833::DEBUG::=============15Framestext_video fusion in layer 3+Video swin transformerTrain Strat!=============
[2024-01-05 17:27:56,925]::3435124833::DEBUG::=============15Framestext_video fusion in layer 3+Video swin transformerTrain Strat!=============
[2024-01-05 17:28:56,859]::3435124833::DEBUG::=============15Framestext_video fusion in layer 3+Video swin transformerTrain Strat!=============
[2024-01-05 17:34:23,792]::3435124833::DEBUG::=============15Framestext_video fusion in layer 3+Video swin transformerTrain Strat!=============
[2024-01-05 17:46:41,174]::<ipython-input-2-3f646709259f>::DEBUG::=============15Framestext_video fusion in layer 3 VTT+Video swin transformerTrain Strat!=============
[2024-01-05 17:48:44,846]::<ipython-input-2-3f646709259f>::DEBUG::=============15Framestext_video fusion in layer 3 VTT+Video swin transformerTrain Strat!=============
[2024-01-05 18:03:26,231]::<ipython-input-2-3f646709259f>::DEBUG::=============15Framestext_video fusion in layer 3 VTT+Video swin transformerTrain Strat!=============
[2024-01-05 18:10:58,208]::<ipython-input-2-3f646709259f>::DEBUG::=============15Framestext_video fusion in layer 3 VTT+Video swin transformerTrain Strat!=============
[2024-01-05 18:13:15,194]::<ipython-input-2-3f646709259f>::DEBUG::=============15Framestext_video fusion in layer 3 VTT+Video swin transformerTrain Strat!=============
[2024-01-05 18:16:18,492]::<ipython-input-2-3f646709259f>::DEBUG::=============15Framestext_video fusion in layer 3 VTT+Video swin transformerTrain Strat!=============
[2024-01-05 18:17:19,583]::<ipython-input-2-3f646709259f>::DEBUG::=============15Framestext_video fusion in layer 3 VTT+Video swin transformerTrain Strat!=============
[2024-01-05 18:19:34,953]::<ipython-input-2-3f646709259f>::DEBUG::=============15Framestext_video fusion in layer 3 VTT+Video swin transformerTrain Strat!=============
[2024-01-05 18:25:20,249]::<ipython-input-2-3f646709259f>::DEBUG::=============15Framestext_video fusion in layer 3 VTT+Video swin transformerTrain Strat!=============
[2024-01-05 18:26:26,961]::<ipython-input-2-3f646709259f>::DEBUG::=============15Framestext_video fusion in layer 3 VTT+Video swin transformerTrain Strat!=============
[2024-01-05 18:27:13,514]::<ipython-input-2-3f646709259f>::DEBUG::=============15Framestext_video fusion in layer 3 VTT+Video swin transformerTrain Strat!=============
[2024-01-05 18:30:42,566]::<ipython-input-2-3f646709259f>::DEBUG::=============15Framestext_video fusion in layer 3 VTT+Video swin transformerTrain Strat!=============
[2024-01-05 18:31:43,094]::<ipython-input-2-3f646709259f>::DEBUG::=============15Framestext_video fusion in layer 3 VTT+Video swin transformerTrain Strat!=============
[2024-01-05 18:33:09,384]::<ipython-input-2-3f646709259f>::DEBUG::=============15Framestext_video fusion in layer 3 VTT+Video swin transformerTrain Strat!=============
[2024-01-05 18:34:51,964]::<ipython-input-2-3f646709259f>::DEBUG::=============15Framestext_video fusion in layer 3 VTT+Video swin transformerTrain Strat!=============
[2024-01-05 18:36:37,975]::<ipython-input-2-3f646709259f>::DEBUG::=============15Framestext_video fusion in layer 3 VTT+Video swin transformerTrain Strat!=============
[2024-01-05 18:38:52,823]::<ipython-input-2-3f646709259f>::DEBUG::=============15Framestext_video fusion in layer 3 VTT+Video swin transformerTrain Strat!=============
[2024-01-05 18:42:30,433]::<ipython-input-2-3f646709259f>::DEBUG::=============15Framestext_video fusion in layer 3 VTT+Video swin transformerTrain Strat!=============
[2024-01-05 18:54:00,789]::<ipython-input-2-3f646709259f>::DEBUG::=============15Framestext_video fusion in layer 3 VTT+Video swin transformerTrain Strat!=============
[2024-01-05 18:54:45,059]::<ipython-input-2-3f646709259f>::DEBUG::=============15Framestext_video fusion in layer 3 VTT+Video swin transformerTrain Strat!=============
[2024-01-05 19:03:32,376]::<ipython-input-2-3f646709259f>::DEBUG::=============15Framestext_video fusion in layer 3 VTT+Video swin transformerTrain Strat!=============
[2024-01-05 19:14:24,074]::<ipython-input-2-3f646709259f>::DEBUG::=============15Framestext_video fusion in layer 3 VTT+Video swin transformerTrain Strat!=============
[2024-01-05 19:18:16,736]::<ipython-input-2-3f646709259f>::DEBUG::=============15Framestext_video fusion in layer 3 VTT+Video swin transformerTrain Strat!=============
[2024-01-05 19:20:23,240]::<ipython-input-2-3f646709259f>::DEBUG::=============15Framestext_video fusion in layer 3 VTT+Video swin transformerTrain Strat!=============
[2024-01-05 19:23:53,347]::<ipython-input-2-3f646709259f>::DEBUG::=============15Framestext_video fusion in layer 3 VTT+Video swin transformerTrain Strat!=============
[2024-01-05 19:25:45,257]::<ipython-input-2-3f646709259f>::DEBUG::=============15Framestext_video fusion in layer 3 VTT+Video swin transformerTrain Strat!=============
[2024-01-05 19:27:16,977]::<ipython-input-2-3f646709259f>::DEBUG::=============15Framestext_video fusion in layer 3 VTT+Video swin transformerTrain Strat!=============
[2024-01-05 19:29:08,959]::<ipython-input-2-3f646709259f>::DEBUG::=============15Framestext_video fusion in layer 3 VTT+Video swin transformerTrain Strat!=============
[2024-01-05 19:30:21,892]::<ipython-input-2-3f646709259f>::DEBUG::=============15Framestext_video fusion in layer 3 VTT+Video swin transformerTrain Strat!=============
[2024-01-05 19:31:46,174]::<ipython-input-2-3f646709259f>::DEBUG::=============15Framestext_video fusion in layer 3 VTT+Video swin transformerTrain Strat!=============
[2024-01-05 19:32:40,984]::<ipython-input-2-3f646709259f>::DEBUG::=============15Framestext_video fusion in layer 3 VTT+Video swin transformerTrain Strat!=============
[2024-01-05 19:33:24,930]::<ipython-input-2-3f646709259f>::DEBUG::=============15Framestext_video fusion in layer 3 VTT+Video swin transformerTrain Strat!=============
[2024-01-05 19:46:52,794]::<ipython-input-17-68bf7650707d>::DEBUG::Epoch: 1 , 1-MAE: 0.8795 , 1-train_avg_loss:0.8675 , 1-val_avg_loss:0.8795 , MAX Value:0.1205 , MAX Value Epoch:1
[2024-01-05 20:00:08,235]::<ipython-input-17-68bf7650707d>::DEBUG::Epoch: 2 , 1-MAE: 0.8890 , 1-train_avg_loss:0.8895 , 1-val_avg_loss:0.8890 , MAX Value:0.1110 , MAX Value Epoch:2
[2024-01-05 20:13:22,798]::<ipython-input-17-68bf7650707d>::DEBUG::Epoch: 3 , 1-MAE: 0.9027 , 1-train_avg_loss:0.9000 , 1-val_avg_loss:0.9027 , MAX Value:0.0973 , MAX Value Epoch:3
[2024-01-05 20:17:22,148]::<ipython-input-2-3f646709259f>::DEBUG::=============15Framestext_video fusion in layer 3 VTT+Video swin transformerTrain Strat!=============
[2024-01-05 20:19:31,565]::<ipython-input-2-3f646709259f>::DEBUG::=============15Framestext_video fusion in layer 3 VTT+Video swin transformerTrain Strat!=============
[2024-01-05 20:21:32,982]::<ipython-input-2-3f646709259f>::DEBUG::=============15Framestext_video fusion in layer 3 VTT+Video swin transformerTrain Strat!=============
[2024-01-05 20:38:48,809]::<ipython-input-2-3f646709259f>::DEBUG::=============15Framestext_video fusion in layer 3 VTT+Video swin transformerTrain Strat!=============
[2024-01-05 20:52:44,759]::<ipython-input-17-68bf7650707d>::DEBUG::Epoch: 1 , 1-MAE: 0.8830 , 1-train_avg_loss:0.8687 , 1-val_avg_loss:0.8830 , MAX Value:0.1170 , MAX Value Epoch:1
[2024-01-05 21:05:57,381]::<ipython-input-17-68bf7650707d>::DEBUG::Epoch: 2 , 1-MAE: 0.8998 , 1-train_avg_loss:0.8902 , 1-val_avg_loss:0.8998 , MAX Value:0.1002 , MAX Value Epoch:2
[2024-01-05 21:19:10,133]::<ipython-input-17-68bf7650707d>::DEBUG::Epoch: 3 , 1-MAE: 0.9016 , 1-train_avg_loss:0.9035 , 1-val_avg_loss:0.9016 , MAX Value:0.0984 , MAX Value Epoch:3
[2024-01-05 21:32:23,159]::<ipython-input-17-68bf7650707d>::DEBUG::Epoch: 4 , 1-MAE: 0.9057 , 1-train_avg_loss:0.9171 , 1-val_avg_loss:0.9057 , MAX Value:0.0943 , MAX Value Epoch:4
[2024-01-05 21:45:36,181]::<ipython-input-17-68bf7650707d>::DEBUG::Epoch: 5 , 1-MAE: 0.9042 , 1-train_avg_loss:0.9284 , 1-val_avg_loss:0.9042 , MAX Value:0.0958 , MAX Value Epoch:5
[2024-01-05 21:58:49,019]::<ipython-input-17-68bf7650707d>::DEBUG::Epoch: 6 , 1-MAE: 0.9066 , 1-train_avg_loss:0.9348 , 1-val_avg_loss:0.9066 , MAX Value:0.0934 , MAX Value Epoch:6
[2024-01-05 22:12:01,191]::<ipython-input-17-68bf7650707d>::DEBUG::Epoch: 7 , 1-MAE: 0.9070 , 1-train_avg_loss:0.9411 , 1-val_avg_loss:0.9070 , MAX Value:0.0930 , MAX Value Epoch:7
[2024-01-05 22:25:12,533]::<ipython-input-17-68bf7650707d>::DEBUG::Epoch: 8 , 1-MAE: 0.9104 , 1-train_avg_loss:0.9462 , 1-val_avg_loss:0.9104 , MAX Value:0.0896 , MAX Value Epoch:8
[2024-01-05 22:38:24,059]::<ipython-input-17-68bf7650707d>::DEBUG::Epoch: 9 , 1-MAE: 0.9090 , 1-train_avg_loss:0.9506 , 1-val_avg_loss:0.9090 , MAX Value:0.0910 , MAX Value Epoch:9
[2024-01-05 22:51:35,558]::<ipython-input-17-68bf7650707d>::DEBUG::Epoch: 10 , 1-MAE: 0.9081 , 1-train_avg_loss:0.9541 , 1-val_avg_loss:0.9081 , MAX Value:0.0919 , MAX Value Epoch:10
[2024-01-05 23:04:45,055]::<ipython-input-17-68bf7650707d>::DEBUG::Epoch: 11 , 1-MAE: 0.9092 , 1-train_avg_loss:0.9581 , 1-val_avg_loss:0.9092 , MAX Value:0.0908 , MAX Value Epoch:11
[2024-01-05 23:17:56,045]::<ipython-input-17-68bf7650707d>::DEBUG::Epoch: 12 , 1-MAE: 0.9101 , 1-train_avg_loss:0.9603 , 1-val_avg_loss:0.9101 , MAX Value:0.0899 , MAX Value Epoch:12
[2024-01-05 23:31:06,524]::<ipython-input-17-68bf7650707d>::DEBUG::Epoch: 13 , 1-MAE: 0.9105 , 1-train_avg_loss:0.9632 , 1-val_avg_loss:0.9105 , MAX Value:0.0895 , MAX Value Epoch:13
[2024-01-05 23:44:16,506]::<ipython-input-17-68bf7650707d>::DEBUG::Epoch: 14 , 1-MAE: 0.9094 , 1-train_avg_loss:0.9655 , 1-val_avg_loss:0.9094 , MAX Value:0.0906 , MAX Value Epoch:14
[2024-01-05 23:57:26,868]::<ipython-input-17-68bf7650707d>::DEBUG::Epoch: 15 , 1-MAE: 0.9104 , 1-train_avg_loss:0.9668 , 1-val_avg_loss:0.9104 , MAX Value:0.0896 , MAX Value Epoch:15
[2024-01-06 00:10:36,823]::<ipython-input-17-68bf7650707d>::DEBUG::Epoch: 16 , 1-MAE: 0.9089 , 1-train_avg_loss:0.9685 , 1-val_avg_loss:0.9089 , MAX Value:0.0911 , MAX Value Epoch:16
[2024-01-06 00:23:46,410]::<ipython-input-17-68bf7650707d>::DEBUG::Epoch: 17 , 1-MAE: 0.9101 , 1-train_avg_loss:0.9698 , 1-val_avg_loss:0.9101 , MAX Value:0.0899 , MAX Value Epoch:17
[2024-01-06 00:36:56,444]::<ipython-input-17-68bf7650707d>::DEBUG::Epoch: 18 , 1-MAE: 0.9103 , 1-train_avg_loss:0.9708 , 1-val_avg_loss:0.9103 , MAX Value:0.0897 , MAX Value Epoch:18
[2024-01-06 00:50:05,866]::<ipython-input-17-68bf7650707d>::DEBUG::Epoch: 19 , 1-MAE: 0.9110 , 1-train_avg_loss:0.9716 , 1-val_avg_loss:0.9110 , MAX Value:0.0890 , MAX Value Epoch:19
[2024-01-06 01:03:17,248]::<ipython-input-17-68bf7650707d>::DEBUG::Epoch: 20 , 1-MAE: 0.9115 , 1-train_avg_loss:0.9723 , 1-val_avg_loss:0.9115 , MAX Value:0.0885 , MAX Value Epoch:20
[2024-01-06 01:16:27,042]::<ipython-input-17-68bf7650707d>::DEBUG::Epoch: 21 , 1-MAE: 0.9119 , 1-train_avg_loss:0.9734 , 1-val_avg_loss:0.9119 , MAX Value:0.0881 , MAX Value Epoch:21
[2024-01-06 01:29:36,538]::<ipython-input-17-68bf7650707d>::DEBUG::Epoch: 22 , 1-MAE: 0.9107 , 1-train_avg_loss:0.9739 , 1-val_avg_loss:0.9107 , MAX Value:0.0893 , MAX Value Epoch:22
[2024-01-06 01:42:46,586]::<ipython-input-17-68bf7650707d>::DEBUG::Epoch: 23 , 1-MAE: 0.9100 , 1-train_avg_loss:0.9741 , 1-val_avg_loss:0.9100 , MAX Value:0.0900 , MAX Value Epoch:23
[2024-01-06 01:55:56,016]::<ipython-input-17-68bf7650707d>::DEBUG::Epoch: 24 , 1-MAE: 0.9115 , 1-train_avg_loss:0.9750 , 1-val_avg_loss:0.9115 , MAX Value:0.0885 , MAX Value Epoch:24
[2024-01-06 02:09:06,580]::<ipython-input-17-68bf7650707d>::DEBUG::Epoch: 25 , 1-MAE: 0.9114 , 1-train_avg_loss:0.9751 , 1-val_avg_loss:0.9114 , MAX Value:0.0886 , MAX Value Epoch:25
[2024-01-06 02:22:15,180]::<ipython-input-17-68bf7650707d>::DEBUG::Epoch: 26 , 1-MAE: 0.9102 , 1-train_avg_loss:0.9756 , 1-val_avg_loss:0.9102 , MAX Value:0.0898 , MAX Value Epoch:26
[2024-01-06 02:35:24,132]::<ipython-input-17-68bf7650707d>::DEBUG::Epoch: 27 , 1-MAE: 0.9106 , 1-train_avg_loss:0.9760 , 1-val_avg_loss:0.9106 , MAX Value:0.0894 , MAX Value Epoch:27
[2024-01-06 02:48:32,786]::<ipython-input-17-68bf7650707d>::DEBUG::Epoch: 28 , 1-MAE: 0.9119 , 1-train_avg_loss:0.9768 , 1-val_avg_loss:0.9119 , MAX Value:0.0881 , MAX Value Epoch:28
[2024-01-06 03:01:41,403]::<ipython-input-17-68bf7650707d>::DEBUG::Epoch: 29 , 1-MAE: 0.9118 , 1-train_avg_loss:0.9766 , 1-val_avg_loss:0.9118 , MAX Value:0.0882 , MAX Value Epoch:29
[2024-01-06 03:14:51,574]::<ipython-input-17-68bf7650707d>::DEBUG::Epoch: 30 , 1-MAE: 0.9114 , 1-train_avg_loss:0.9769 , 1-val_avg_loss:0.9114 , MAX Value:0.0886 , MAX Value Epoch:30
[2024-01-06 03:28:00,667]::<ipython-input-17-68bf7650707d>::DEBUG::Epoch: 31 , 1-MAE: 0.9117 , 1-train_avg_loss:0.9776 , 1-val_avg_loss:0.9117 , MAX Value:0.0883 , MAX Value Epoch:31
[2024-01-06 03:41:09,641]::<ipython-input-17-68bf7650707d>::DEBUG::Epoch: 32 , 1-MAE: 0.9116 , 1-train_avg_loss:0.9781 , 1-val_avg_loss:0.9116 , MAX Value:0.0884 , MAX Value Epoch:32
[2024-01-06 03:54:18,623]::<ipython-input-17-68bf7650707d>::DEBUG::Epoch: 33 , 1-MAE: 0.9118 , 1-train_avg_loss:0.9781 , 1-val_avg_loss:0.9118 , MAX Value:0.0882 , MAX Value Epoch:33
[2024-01-06 04:07:27,942]::<ipython-input-17-68bf7650707d>::DEBUG::Epoch: 34 , 1-MAE: 0.9112 , 1-train_avg_loss:0.9784 , 1-val_avg_loss:0.9112 , MAX Value:0.0888 , MAX Value Epoch:34
[2024-01-06 04:20:38,393]::<ipython-input-17-68bf7650707d>::DEBUG::Epoch: 35 , 1-MAE: 0.9118 , 1-train_avg_loss:0.9786 , 1-val_avg_loss:0.9118 , MAX Value:0.0882 , MAX Value Epoch:35
[2024-01-06 04:33:47,515]::<ipython-input-17-68bf7650707d>::DEBUG::Epoch: 36 , 1-MAE: 0.9113 , 1-train_avg_loss:0.9789 , 1-val_avg_loss:0.9113 , MAX Value:0.0887 , MAX Value Epoch:36
[2024-01-06 04:46:56,511]::<ipython-input-17-68bf7650707d>::DEBUG::Epoch: 37 , 1-MAE: 0.9121 , 1-train_avg_loss:0.9793 , 1-val_avg_loss:0.9121 , MAX Value:0.0879 , MAX Value Epoch:37
[2024-01-06 05:00:05,357]::<ipython-input-17-68bf7650707d>::DEBUG::Epoch: 38 , 1-MAE: 0.9124 , 1-train_avg_loss:0.9794 , 1-val_avg_loss:0.9124 , MAX Value:0.0876 , MAX Value Epoch:38
[2024-01-06 05:13:13,782]::<ipython-input-17-68bf7650707d>::DEBUG::Epoch: 39 , 1-MAE: 0.9121 , 1-train_avg_loss:0.9797 , 1-val_avg_loss:0.9121 , MAX Value:0.0879 , MAX Value Epoch:39
[2024-01-06 05:26:23,872]::<ipython-input-17-68bf7650707d>::DEBUG::Epoch: 40 , 1-MAE: 0.9123 , 1-train_avg_loss:0.9798 , 1-val_avg_loss:0.9123 , MAX Value:0.0877 , MAX Value Epoch:40
[2024-01-06 05:39:32,751]::<ipython-input-17-68bf7650707d>::DEBUG::Epoch: 41 , 1-MAE: 0.9123 , 1-train_avg_loss:0.9801 , 1-val_avg_loss:0.9123 , MAX Value:0.0877 , MAX Value Epoch:41
[2024-01-06 05:52:41,496]::<ipython-input-17-68bf7650707d>::DEBUG::Epoch: 42 , 1-MAE: 0.9118 , 1-train_avg_loss:0.9805 , 1-val_avg_loss:0.9118 , MAX Value:0.0882 , MAX Value Epoch:42
[2024-01-06 06:05:50,301]::<ipython-input-17-68bf7650707d>::DEBUG::Epoch: 43 , 1-MAE: 0.9121 , 1-train_avg_loss:0.9808 , 1-val_avg_loss:0.9121 , MAX Value:0.0879 , MAX Value Epoch:43
[2024-01-06 06:18:59,357]::<ipython-input-17-68bf7650707d>::DEBUG::Epoch: 44 , 1-MAE: 0.9118 , 1-train_avg_loss:0.9808 , 1-val_avg_loss:0.9118 , MAX Value:0.0882 , MAX Value Epoch:44
[2024-01-06 06:32:09,074]::<ipython-input-17-68bf7650707d>::DEBUG::Epoch: 45 , 1-MAE: 0.9123 , 1-train_avg_loss:0.9812 , 1-val_avg_loss:0.9123 , MAX Value:0.0877 , MAX Value Epoch:45
[2024-01-06 06:45:18,230]::<ipython-input-17-68bf7650707d>::DEBUG::Epoch: 46 , 1-MAE: 0.9128 , 1-train_avg_loss:0.9812 , 1-val_avg_loss:0.9128 , MAX Value:0.0872 , MAX Value Epoch:46
[2024-01-06 06:58:27,389]::<ipython-input-17-68bf7650707d>::DEBUG::Epoch: 47 , 1-MAE: 0.9124 , 1-train_avg_loss:0.9812 , 1-val_avg_loss:0.9124 , MAX Value:0.0876 , MAX Value Epoch:47
[2024-01-06 07:11:36,288]::<ipython-input-17-68bf7650707d>::DEBUG::Epoch: 48 , 1-MAE: 0.9128 , 1-train_avg_loss:0.9813 , 1-val_avg_loss:0.9128 , MAX Value:0.0872 , MAX Value Epoch:48
[2024-01-06 07:24:44,955]::<ipython-input-17-68bf7650707d>::DEBUG::Epoch: 49 , 1-MAE: 0.9123 , 1-train_avg_loss:0.9819 , 1-val_avg_loss:0.9123 , MAX Value:0.0877 , MAX Value Epoch:49
[2024-01-06 07:37:55,007]::<ipython-input-17-68bf7650707d>::DEBUG::Epoch: 50 , 1-MAE: 0.9123 , 1-train_avg_loss:0.9820 , 1-val_avg_loss:0.9123 , MAX Value:0.0877 , MAX Value Epoch:50
[2024-01-06 07:51:03,937]::<ipython-input-17-68bf7650707d>::DEBUG::Epoch: 51 , 1-MAE: 0.9125 , 1-train_avg_loss:0.9819 , 1-val_avg_loss:0.9125 , MAX Value:0.0875 , MAX Value Epoch:51
[2024-01-06 08:04:12,955]::<ipython-input-17-68bf7650707d>::DEBUG::Epoch: 52 , 1-MAE: 0.9122 , 1-train_avg_loss:0.9822 , 1-val_avg_loss:0.9122 , MAX Value:0.0878 , MAX Value Epoch:52
[2024-01-06 08:17:21,965]::<ipython-input-17-68bf7650707d>::DEBUG::Epoch: 53 , 1-MAE: 0.9118 , 1-train_avg_loss:0.9822 , 1-val_avg_loss:0.9118 , MAX Value:0.0882 , MAX Value Epoch:53
[2024-01-06 08:30:30,812]::<ipython-input-17-68bf7650707d>::DEBUG::Epoch: 54 , 1-MAE: 0.9125 , 1-train_avg_loss:0.9823 , 1-val_avg_loss:0.9125 , MAX Value:0.0875 , MAX Value Epoch:54
[2024-01-06 08:43:40,901]::<ipython-input-17-68bf7650707d>::DEBUG::Epoch: 55 , 1-MAE: 0.9127 , 1-train_avg_loss:0.9825 , 1-val_avg_loss:0.9127 , MAX Value:0.0873 , MAX Value Epoch:55
[2024-01-06 08:56:50,033]::<ipython-input-17-68bf7650707d>::DEBUG::Epoch: 56 , 1-MAE: 0.9119 , 1-train_avg_loss:0.9826 , 1-val_avg_loss:0.9119 , MAX Value:0.0881 , MAX Value Epoch:56
[2024-01-06 09:09:59,071]::<ipython-input-17-68bf7650707d>::DEBUG::Epoch: 57 , 1-MAE: 0.9124 , 1-train_avg_loss:0.9830 , 1-val_avg_loss:0.9124 , MAX Value:0.0876 , MAX Value Epoch:57
[2024-01-06 09:23:07,878]::<ipython-input-17-68bf7650707d>::DEBUG::Epoch: 58 , 1-MAE: 0.9118 , 1-train_avg_loss:0.9829 , 1-val_avg_loss:0.9118 , MAX Value:0.0882 , MAX Value Epoch:58
[2024-01-06 09:36:16,610]::<ipython-input-17-68bf7650707d>::DEBUG::Epoch: 59 , 1-MAE: 0.9129 , 1-train_avg_loss:0.9832 , 1-val_avg_loss:0.9129 , MAX Value:0.0871 , MAX Value Epoch:59
[2024-01-06 09:49:26,588]::<ipython-input-17-68bf7650707d>::DEBUG::Epoch: 60 , 1-MAE: 0.9117 , 1-train_avg_loss:0.9834 , 1-val_avg_loss:0.9117 , MAX Value:0.0883 , MAX Value Epoch:60
[2024-01-06 10:02:35,524]::<ipython-input-17-68bf7650707d>::DEBUG::Epoch: 61 , 1-MAE: 0.9124 , 1-train_avg_loss:0.9833 , 1-val_avg_loss:0.9124 , MAX Value:0.0876 , MAX Value Epoch:61
[2024-01-06 10:15:44,199]::<ipython-input-17-68bf7650707d>::DEBUG::Epoch: 62 , 1-MAE: 0.9124 , 1-train_avg_loss:0.9835 , 1-val_avg_loss:0.9124 , MAX Value:0.0876 , MAX Value Epoch:62
[2024-01-06 10:28:53,029]::<ipython-input-17-68bf7650707d>::DEBUG::Epoch: 63 , 1-MAE: 0.9123 , 1-train_avg_loss:0.9840 , 1-val_avg_loss:0.9123 , MAX Value:0.0877 , MAX Value Epoch:63
[2024-01-06 10:42:01,984]::<ipython-input-17-68bf7650707d>::DEBUG::Epoch: 64 , 1-MAE: 0.9122 , 1-train_avg_loss:0.9838 , 1-val_avg_loss:0.9122 , MAX Value:0.0878 , MAX Value Epoch:64
[2024-01-06 10:55:12,049]::<ipython-input-17-68bf7650707d>::DEBUG::Epoch: 65 , 1-MAE: 0.9125 , 1-train_avg_loss:0.9837 , 1-val_avg_loss:0.9125 , MAX Value:0.0875 , MAX Value Epoch:65
[2024-01-06 11:08:21,279]::<ipython-input-17-68bf7650707d>::DEBUG::Epoch: 66 , 1-MAE: 0.9126 , 1-train_avg_loss:0.9841 , 1-val_avg_loss:0.9126 , MAX Value:0.0874 , MAX Value Epoch:66
[2024-01-06 11:21:29,888]::<ipython-input-17-68bf7650707d>::DEBUG::Epoch: 67 , 1-MAE: 0.9124 , 1-train_avg_loss:0.9842 , 1-val_avg_loss:0.9124 , MAX Value:0.0876 , MAX Value Epoch:67
[2024-01-06 11:34:38,783]::<ipython-input-17-68bf7650707d>::DEBUG::Epoch: 68 , 1-MAE: 0.9125 , 1-train_avg_loss:0.9844 , 1-val_avg_loss:0.9125 , MAX Value:0.0875 , MAX Value Epoch:68
[2024-01-06 11:47:47,696]::<ipython-input-17-68bf7650707d>::DEBUG::Epoch: 69 , 1-MAE: 0.9123 , 1-train_avg_loss:0.9842 , 1-val_avg_loss:0.9123 , MAX Value:0.0877 , MAX Value Epoch:69
[2024-01-06 12:00:57,961]::<ipython-input-17-68bf7650707d>::DEBUG::Epoch: 70 , 1-MAE: 0.9122 , 1-train_avg_loss:0.9844 , 1-val_avg_loss:0.9122 , MAX Value:0.0878 , MAX Value Epoch:70
[2024-01-06 12:14:08,023]::<ipython-input-17-68bf7650707d>::DEBUG::Epoch: 71 , 1-MAE: 0.9130 , 1-train_avg_loss:0.9845 , 1-val_avg_loss:0.9130 , MAX Value:0.0870 , MAX Value Epoch:71
[2024-01-06 12:27:17,211]::<ipython-input-17-68bf7650707d>::DEBUG::Epoch: 72 , 1-MAE: 0.9125 , 1-train_avg_loss:0.9847 , 1-val_avg_loss:0.9125 , MAX Value:0.0875 , MAX Value Epoch:72
[2024-01-06 12:40:26,697]::<ipython-input-17-68bf7650707d>::DEBUG::Epoch: 73 , 1-MAE: 0.9126 , 1-train_avg_loss:0.9848 , 1-val_avg_loss:0.9126 , MAX Value:0.0874 , MAX Value Epoch:73
[2024-01-06 12:53:36,153]::<ipython-input-17-68bf7650707d>::DEBUG::Epoch: 74 , 1-MAE: 0.9126 , 1-train_avg_loss:0.9849 , 1-val_avg_loss:0.9126 , MAX Value:0.0874 , MAX Value Epoch:74
[2024-01-06 13:06:46,882]::<ipython-input-17-68bf7650707d>::DEBUG::Epoch: 75 , 1-MAE: 0.9128 , 1-train_avg_loss:0.9848 , 1-val_avg_loss:0.9128 , MAX Value:0.0872 , MAX Value Epoch:75
[2024-01-06 13:19:55,763]::<ipython-input-17-68bf7650707d>::DEBUG::Epoch: 76 , 1-MAE: 0.9128 , 1-train_avg_loss:0.9850 , 1-val_avg_loss:0.9128 , MAX Value:0.0872 , MAX Value Epoch:76
[2024-01-06 13:33:05,091]::<ipython-input-17-68bf7650707d>::DEBUG::Epoch: 77 , 1-MAE: 0.9129 , 1-train_avg_loss:0.9851 , 1-val_avg_loss:0.9129 , MAX Value:0.0871 , MAX Value Epoch:77
[2024-01-06 13:46:14,915]::<ipython-input-17-68bf7650707d>::DEBUG::Epoch: 78 , 1-MAE: 0.9125 , 1-train_avg_loss:0.9851 , 1-val_avg_loss:0.9125 , MAX Value:0.0875 , MAX Value Epoch:78
[2024-01-06 13:59:24,830]::<ipython-input-17-68bf7650707d>::DEBUG::Epoch: 79 , 1-MAE: 0.9126 , 1-train_avg_loss:0.9854 , 1-val_avg_loss:0.9126 , MAX Value:0.0874 , MAX Value Epoch:79
[2024-01-06 14:12:36,163]::<ipython-input-17-68bf7650707d>::DEBUG::Epoch: 80 , 1-MAE: 0.9129 , 1-train_avg_loss:0.9855 , 1-val_avg_loss:0.9129 , MAX Value:0.0871 , MAX Value Epoch:80
[2024-01-06 14:25:46,071]::<ipython-input-17-68bf7650707d>::DEBUG::Epoch: 81 , 1-MAE: 0.9124 , 1-train_avg_loss:0.9855 , 1-val_avg_loss:0.9124 , MAX Value:0.0876 , MAX Value Epoch:81
[2024-01-06 14:38:56,183]::<ipython-input-17-68bf7650707d>::DEBUG::Epoch: 82 , 1-MAE: 0.9124 , 1-train_avg_loss:0.9853 , 1-val_avg_loss:0.9124 , MAX Value:0.0876 , MAX Value Epoch:82
[2024-01-06 14:52:06,247]::<ipython-input-17-68bf7650707d>::DEBUG::Epoch: 83 , 1-MAE: 0.9127 , 1-train_avg_loss:0.9856 , 1-val_avg_loss:0.9127 , MAX Value:0.0873 , MAX Value Epoch:83
[2024-01-06 15:05:15,582]::<ipython-input-17-68bf7650707d>::DEBUG::Epoch: 84 , 1-MAE: 0.9124 , 1-train_avg_loss:0.9858 , 1-val_avg_loss:0.9124 , MAX Value:0.0876 , MAX Value Epoch:84
[2024-01-06 15:18:26,092]::<ipython-input-17-68bf7650707d>::DEBUG::Epoch: 85 , 1-MAE: 0.9128 , 1-train_avg_loss:0.9858 , 1-val_avg_loss:0.9128 , MAX Value:0.0872 , MAX Value Epoch:85
[2024-01-06 15:31:37,025]::<ipython-input-17-68bf7650707d>::DEBUG::Epoch: 86 , 1-MAE: 0.9124 , 1-train_avg_loss:0.9860 , 1-val_avg_loss:0.9124 , MAX Value:0.0876 , MAX Value Epoch:86
[2024-01-06 15:44:47,958]::<ipython-input-17-68bf7650707d>::DEBUG::Epoch: 87 , 1-MAE: 0.9123 , 1-train_avg_loss:0.9859 , 1-val_avg_loss:0.9123 , MAX Value:0.0877 , MAX Value Epoch:87
[2024-01-06 15:57:58,500]::<ipython-input-17-68bf7650707d>::DEBUG::Epoch: 88 , 1-MAE: 0.9124 , 1-train_avg_loss:0.9859 , 1-val_avg_loss:0.9124 , MAX Value:0.0876 , MAX Value Epoch:88
[2024-01-06 16:11:08,240]::<ipython-input-17-68bf7650707d>::DEBUG::Epoch: 89 , 1-MAE: 0.9125 , 1-train_avg_loss:0.9859 , 1-val_avg_loss:0.9125 , MAX Value:0.0875 , MAX Value Epoch:89
[2024-01-06 16:24:20,011]::<ipython-input-17-68bf7650707d>::DEBUG::Epoch: 90 , 1-MAE: 0.9128 , 1-train_avg_loss:0.9861 , 1-val_avg_loss:0.9128 , MAX Value:0.0872 , MAX Value Epoch:90
[2024-01-06 16:37:29,231]::<ipython-input-17-68bf7650707d>::DEBUG::Epoch: 91 , 1-MAE: 0.9125 , 1-train_avg_loss:0.9860 , 1-val_avg_loss:0.9125 , MAX Value:0.0875 , MAX Value Epoch:91
[2024-01-06 16:50:40,295]::<ipython-input-17-68bf7650707d>::DEBUG::Epoch: 92 , 1-MAE: 0.9129 , 1-train_avg_loss:0.9861 , 1-val_avg_loss:0.9129 , MAX Value:0.0871 , MAX Value Epoch:92
[2024-01-06 17:03:50,009]::<ipython-input-17-68bf7650707d>::DEBUG::Epoch: 93 , 1-MAE: 0.9121 , 1-train_avg_loss:0.9865 , 1-val_avg_loss:0.9121 , MAX Value:0.0879 , MAX Value Epoch:93
[2024-01-06 17:16:59,558]::<ipython-input-17-68bf7650707d>::DEBUG::Epoch: 94 , 1-MAE: 0.9126 , 1-train_avg_loss:0.9863 , 1-val_avg_loss:0.9126 , MAX Value:0.0874 , MAX Value Epoch:94
[2024-01-06 17:30:10,318]::<ipython-input-17-68bf7650707d>::DEBUG::Epoch: 95 , 1-MAE: 0.9125 , 1-train_avg_loss:0.9867 , 1-val_avg_loss:0.9125 , MAX Value:0.0875 , MAX Value Epoch:95
[2024-01-06 17:43:19,933]::<ipython-input-17-68bf7650707d>::DEBUG::Epoch: 96 , 1-MAE: 0.9127 , 1-train_avg_loss:0.9868 , 1-val_avg_loss:0.9127 , MAX Value:0.0873 , MAX Value Epoch:96
[2024-01-06 17:56:29,688]::<ipython-input-17-68bf7650707d>::DEBUG::Epoch: 97 , 1-MAE: 0.9126 , 1-train_avg_loss:0.9866 , 1-val_avg_loss:0.9126 , MAX Value:0.0874 , MAX Value Epoch:97
[2024-01-06 18:09:38,778]::<ipython-input-17-68bf7650707d>::DEBUG::Epoch: 98 , 1-MAE: 0.9121 , 1-train_avg_loss:0.9867 , 1-val_avg_loss:0.9121 , MAX Value:0.0879 , MAX Value Epoch:98
[2024-01-06 18:22:47,839]::<ipython-input-17-68bf7650707d>::DEBUG::Epoch: 99 , 1-MAE: 0.9125 , 1-train_avg_loss:0.9867 , 1-val_avg_loss:0.9125 , MAX Value:0.0875 , MAX Value Epoch:99
[2024-01-06 18:35:58,012]::<ipython-input-17-68bf7650707d>::DEBUG::Epoch: 100 , 1-MAE: 0.9126 , 1-train_avg_loss:0.9868 , 1-val_avg_loss:0.9126 , MAX Value:0.0874 , MAX Value Epoch:100
[2024-01-06 18:49:07,118]::<ipython-input-17-68bf7650707d>::DEBUG::Epoch: 101 , 1-MAE: 0.9128 , 1-train_avg_loss:0.9869 , 1-val_avg_loss:0.9128 , MAX Value:0.0872 , MAX Value Epoch:101
[2024-01-06 19:02:16,118]::<ipython-input-17-68bf7650707d>::DEBUG::Epoch: 102 , 1-MAE: 0.9125 , 1-train_avg_loss:0.9870 , 1-val_avg_loss:0.9125 , MAX Value:0.0875 , MAX Value Epoch:102
[2024-01-06 19:15:24,814]::<ipython-input-17-68bf7650707d>::DEBUG::Epoch: 103 , 1-MAE: 0.9125 , 1-train_avg_loss:0.9869 , 1-val_avg_loss:0.9125 , MAX Value:0.0875 , MAX Value Epoch:103
[2024-01-06 19:28:34,911]::<ipython-input-17-68bf7650707d>::DEBUG::Epoch: 104 , 1-MAE: 0.9131 , 1-train_avg_loss:0.9870 , 1-val_avg_loss:0.9131 , MAX Value:0.0869 , MAX Value Epoch:104
[2024-01-06 19:41:44,916]::<ipython-input-17-68bf7650707d>::DEBUG::Epoch: 105 , 1-MAE: 0.9127 , 1-train_avg_loss:0.9870 , 1-val_avg_loss:0.9127 , MAX Value:0.0873 , MAX Value Epoch:105
[2024-01-06 19:54:54,317]::<ipython-input-17-68bf7650707d>::DEBUG::Epoch: 106 , 1-MAE: 0.9125 , 1-train_avg_loss:0.9870 , 1-val_avg_loss:0.9125 , MAX Value:0.0875 , MAX Value Epoch:106
[2024-01-06 20:08:03,423]::<ipython-input-17-68bf7650707d>::DEBUG::Epoch: 107 , 1-MAE: 0.9127 , 1-train_avg_loss:0.9872 , 1-val_avg_loss:0.9127 , MAX Value:0.0873 , MAX Value Epoch:107
[2024-01-06 20:21:12,068]::<ipython-input-17-68bf7650707d>::DEBUG::Epoch: 108 , 1-MAE: 0.9127 , 1-train_avg_loss:0.9873 , 1-val_avg_loss:0.9127 , MAX Value:0.0873 , MAX Value Epoch:108
[2024-01-06 20:34:21,382]::<ipython-input-17-68bf7650707d>::DEBUG::Epoch: 109 , 1-MAE: 0.9128 , 1-train_avg_loss:0.9872 , 1-val_avg_loss:0.9128 , MAX Value:0.0872 , MAX Value Epoch:109
[2024-01-06 20:47:31,627]::<ipython-input-17-68bf7650707d>::DEBUG::Epoch: 110 , 1-MAE: 0.9132 , 1-train_avg_loss:0.9875 , 1-val_avg_loss:0.9132 , MAX Value:0.0868 , MAX Value Epoch:110
[2024-01-06 21:00:40,314]::<ipython-input-17-68bf7650707d>::DEBUG::Epoch: 111 , 1-MAE: 0.9130 , 1-train_avg_loss:0.9875 , 1-val_avg_loss:0.9130 , MAX Value:0.0870 , MAX Value Epoch:111
[2024-01-06 21:13:49,369]::<ipython-input-17-68bf7650707d>::DEBUG::Epoch: 112 , 1-MAE: 0.9126 , 1-train_avg_loss:0.9872 , 1-val_avg_loss:0.9126 , MAX Value:0.0874 , MAX Value Epoch:112
[2024-01-06 21:26:58,392]::<ipython-input-17-68bf7650707d>::DEBUG::Epoch: 113 , 1-MAE: 0.9121 , 1-train_avg_loss:0.9871 , 1-val_avg_loss:0.9121 , MAX Value:0.0879 , MAX Value Epoch:113
[2024-01-06 21:40:07,462]::<ipython-input-17-68bf7650707d>::DEBUG::Epoch: 114 , 1-MAE: 0.9127 , 1-train_avg_loss:0.9875 , 1-val_avg_loss:0.9127 , MAX Value:0.0873 , MAX Value Epoch:114
[2024-01-06 21:53:17,375]::<ipython-input-17-68bf7650707d>::DEBUG::Epoch: 115 , 1-MAE: 0.9124 , 1-train_avg_loss:0.9877 , 1-val_avg_loss:0.9124 , MAX Value:0.0876 , MAX Value Epoch:115
[2024-01-06 22:06:26,733]::<ipython-input-17-68bf7650707d>::DEBUG::Epoch: 116 , 1-MAE: 0.9125 , 1-train_avg_loss:0.9878 , 1-val_avg_loss:0.9125 , MAX Value:0.0875 , MAX Value Epoch:116
[2024-01-06 22:19:35,499]::<ipython-input-17-68bf7650707d>::DEBUG::Epoch: 117 , 1-MAE: 0.9127 , 1-train_avg_loss:0.9878 , 1-val_avg_loss:0.9127 , MAX Value:0.0873 , MAX Value Epoch:117
[2024-01-06 22:32:44,438]::<ipython-input-17-68bf7650707d>::DEBUG::Epoch: 118 , 1-MAE: 0.9129 , 1-train_avg_loss:0.9878 , 1-val_avg_loss:0.9129 , MAX Value:0.0871 , MAX Value Epoch:118
[2024-01-06 22:45:53,003]::<ipython-input-17-68bf7650707d>::DEBUG::Epoch: 119 , 1-MAE: 0.9125 , 1-train_avg_loss:0.9878 , 1-val_avg_loss:0.9125 , MAX Value:0.0875 , MAX Value Epoch:119
[2024-01-06 22:59:03,152]::<ipython-input-17-68bf7650707d>::DEBUG::Epoch: 120 , 1-MAE: 0.9128 , 1-train_avg_loss:0.9879 , 1-val_avg_loss:0.9128 , MAX Value:0.0872 , MAX Value Epoch:120
[2024-03-19 20:20:13,140]::387438924::DEBUG::=============15Framestext_video fusion in layer 3 VTT+Video swin transformerTrain Strat!=============
[2024-03-19 20:25:02,906]::387438924::DEBUG::=============15Framestext_video fusion in layer 3 VTT+Video swin transformerTrain Strat!=============
[2024-03-19 20:25:50,127]::387438924::DEBUG::=============15Framestext_video fusion in layer 3 VTT+Video swin transformerTrain Strat!=============
[2024-03-19 20:28:24,935]::387438924::DEBUG::=============15Framestext_video fusion in layer 3 VTT+Video swin transformerTrain Strat!=============
[2024-03-19 20:31:56,822]::387438924::DEBUG::=============15Framestext_video fusion in layer 3 VTT+Video swin transformerTrain Strat!=============
[2024-03-19 20:33:52,273]::387438924::DEBUG::=============15Framestext_video fusion in layer 3 VTT+Video swin transformerTrain Strat!=============
[2024-03-19 20:35:22,247]::387438924::DEBUG::=============15Framestext_video fusion in layer 3 VTT+Video swin transformerTrain Strat!=============
[2024-03-19 20:38:27,174]::387438924::DEBUG::=============15Framestext_video fusion in layer 3 VTT+Video swin transformerTrain Strat!=============
[2024-03-19 20:40:27,232]::387438924::DEBUG::=============15Framestext_video fusion in layer 3 VTT+Video swin transformerTrain Strat!=============
[2024-03-19 20:41:39,342]::387438924::DEBUG::=============15Framestext_video fusion in layer 3 VTT+Video swin transformerTrain Strat!=============
[2024-03-19 20:53:10,470]::387438924::DEBUG::=============15Framestext_video fusion in layer 3 VTT+Video swin transformerTrain Strat!=============
[2024-03-19 20:54:28,591]::387438924::DEBUG::=============15Framestext_video fusion in layer 3 VTT+Video swin transformerTrain Strat!=============
[2024-03-19 20:55:32,968]::387438924::DEBUG::=============15Framestext_video fusion in layer 3 VTT+Video swin transformerTrain Strat!=============
[2024-03-19 20:56:00,290]::387438924::DEBUG::=============15Framestext_video fusion in layer 3 VTT+Video swin transformerTrain Strat!=============
[2024-03-19 20:57:00,667]::387438924::DEBUG::=============15Framestext_video fusion in layer 3 VTT+Video swin transformerTrain Strat!=============
[2024-03-19 20:57:55,233]::387438924::DEBUG::=============15Framestext_video fusion in layer 3 VTT+Video swin transformerTrain Strat!=============
[2024-03-19 20:58:49,559]::387438924::DEBUG::=============15Framestext_video fusion in layer 3 VTT+Video swin transformerTrain Strat!=============
[2024-03-19 21:06:28,015]::387438924::DEBUG::=============15Framestext_video fusion in layer 3 VTT+Video swin transformerTrain Strat!=============
[2024-03-19 21:40:01,703]::3435124833::DEBUG::=============fullshot and text+Video swin transformerTrain Strat!=============TVV
[2024-03-19 21:43:12,692]::3435124833::DEBUG::=============fullshot and xlm-roberta+Video swin transformerTrain Strat!=============
[2024-03-19 21:51:21,861]::3886614157::DEBUG::Epoch: 1 , 1-MAE: 0.8701 , 1-val_avg_o_loss:0.8714 , 1-val_avg_c_loss:0.8449 , 1-val_avg_e_loss:0.8818 , 1-val_avg_a_loss:0.8701 , 1-val_avg_n_loss:0.8824
[2024-03-19 21:57:36,590]::3886614157::DEBUG::Epoch: 2 , 1-MAE: 0.8869 , 1-val_avg_o_loss:0.8904 , 1-val_avg_c_loss:0.8729 , 1-val_avg_e_loss:0.8971 , 1-val_avg_a_loss:0.8884 , 1-val_avg_n_loss:0.8857
[2024-03-19 22:03:52,622]::3886614157::DEBUG::Epoch: 3 , 1-MAE: 0.8908 , 1-val_avg_o_loss:0.8915 , 1-val_avg_c_loss:0.8943 , 1-val_avg_e_loss:0.8977 , 1-val_avg_a_loss:0.8925 , 1-val_avg_n_loss:0.8779
[2024-03-19 22:10:07,964]::3886614157::DEBUG::Epoch: 4 , 1-MAE: 0.8973 , 1-val_avg_o_loss:0.8962 , 1-val_avg_c_loss:0.8979 , 1-val_avg_e_loss:0.8987 , 1-val_avg_a_loss:0.8946 , 1-val_avg_n_loss:0.8990
[2024-03-19 22:16:23,609]::3886614157::DEBUG::Epoch: 5 , 1-MAE: 0.9029 , 1-val_avg_o_loss:0.9037 , 1-val_avg_c_loss:0.9006 , 1-val_avg_e_loss:0.9083 , 1-val_avg_a_loss:0.8953 , 1-val_avg_n_loss:0.9064
[2024-03-19 22:22:38,519]::3886614157::DEBUG::Epoch: 6 , 1-MAE: 0.9019 , 1-val_avg_o_loss:0.9062 , 1-val_avg_c_loss:0.9024 , 1-val_avg_e_loss:0.9072 , 1-val_avg_a_loss:0.8873 , 1-val_avg_n_loss:0.9066
[2024-03-19 22:28:53,438]::3886614157::DEBUG::Epoch: 7 , 1-MAE: 0.9038 , 1-val_avg_o_loss:0.9068 , 1-val_avg_c_loss:0.9008 , 1-val_avg_e_loss:0.9048 , 1-val_avg_a_loss:0.8989 , 1-val_avg_n_loss:0.9078
[2024-03-19 22:35:07,953]::3886614157::DEBUG::Epoch: 8 , 1-MAE: 0.9070 , 1-val_avg_o_loss:0.9070 , 1-val_avg_c_loss:0.9060 , 1-val_avg_e_loss:0.9120 , 1-val_avg_a_loss:0.9052 , 1-val_avg_n_loss:0.9047
[2024-03-19 22:41:23,036]::3886614157::DEBUG::Epoch: 9 , 1-MAE: 0.9058 , 1-val_avg_o_loss:0.9092 , 1-val_avg_c_loss:0.9007 , 1-val_avg_e_loss:0.9092 , 1-val_avg_a_loss:0.9007 , 1-val_avg_n_loss:0.9091
[2024-03-19 22:47:39,443]::3886614157::DEBUG::Epoch: 10 , 1-MAE: 0.9058 , 1-val_avg_o_loss:0.9036 , 1-val_avg_c_loss:0.9040 , 1-val_avg_e_loss:0.9134 , 1-val_avg_a_loss:0.8975 , 1-val_avg_n_loss:0.9108
[2024-03-19 22:53:54,145]::3886614157::DEBUG::Epoch: 11 , 1-MAE: 0.9081 , 1-val_avg_o_loss:0.9118 , 1-val_avg_c_loss:0.9047 , 1-val_avg_e_loss:0.9069 , 1-val_avg_a_loss:0.9052 , 1-val_avg_n_loss:0.9121
[2024-03-19 23:00:09,973]::3886614157::DEBUG::Epoch: 12 , 1-MAE: 0.9055 , 1-val_avg_o_loss:0.9055 , 1-val_avg_c_loss:0.9028 , 1-val_avg_e_loss:0.9073 , 1-val_avg_a_loss:0.9015 , 1-val_avg_n_loss:0.9104
[2024-03-19 23:06:25,919]::3886614157::DEBUG::Epoch: 13 , 1-MAE: 0.9091 , 1-val_avg_o_loss:0.9105 , 1-val_avg_c_loss:0.9056 , 1-val_avg_e_loss:0.9103 , 1-val_avg_a_loss:0.9080 , 1-val_avg_n_loss:0.9109
[2024-03-19 23:12:41,716]::3886614157::DEBUG::Epoch: 14 , 1-MAE: 0.9085 , 1-val_avg_o_loss:0.9111 , 1-val_avg_c_loss:0.9046 , 1-val_avg_e_loss:0.9092 , 1-val_avg_a_loss:0.9082 , 1-val_avg_n_loss:0.9094
[2024-03-19 23:18:58,488]::3886614157::DEBUG::Epoch: 15 , 1-MAE: 0.9108 , 1-val_avg_o_loss:0.9120 , 1-val_avg_c_loss:0.9071 , 1-val_avg_e_loss:0.9126 , 1-val_avg_a_loss:0.9097 , 1-val_avg_n_loss:0.9128
[2024-03-19 23:25:13,956]::3886614157::DEBUG::Epoch: 16 , 1-MAE: 0.9096 , 1-val_avg_o_loss:0.9117 , 1-val_avg_c_loss:0.9055 , 1-val_avg_e_loss:0.9108 , 1-val_avg_a_loss:0.9100 , 1-val_avg_n_loss:0.9098
[2024-03-19 23:31:29,928]::3886614157::DEBUG::Epoch: 17 , 1-MAE: 0.9088 , 1-val_avg_o_loss:0.9110 , 1-val_avg_c_loss:0.9053 , 1-val_avg_e_loss:0.9080 , 1-val_avg_a_loss:0.9097 , 1-val_avg_n_loss:0.9098
[2024-03-19 23:37:45,557]::3886614157::DEBUG::Epoch: 18 , 1-MAE: 0.9078 , 1-val_avg_o_loss:0.9094 , 1-val_avg_c_loss:0.9017 , 1-val_avg_e_loss:0.9109 , 1-val_avg_a_loss:0.9082 , 1-val_avg_n_loss:0.9087
[2024-03-19 23:44:01,793]::3886614157::DEBUG::Epoch: 19 , 1-MAE: 0.9070 , 1-val_avg_o_loss:0.9100 , 1-val_avg_c_loss:0.9035 , 1-val_avg_e_loss:0.9056 , 1-val_avg_a_loss:0.9086 , 1-val_avg_n_loss:0.9070
[2024-03-19 23:50:18,660]::3886614157::DEBUG::Epoch: 20 , 1-MAE: 0.9087 , 1-val_avg_o_loss:0.9096 , 1-val_avg_c_loss:0.9058 , 1-val_avg_e_loss:0.9136 , 1-val_avg_a_loss:0.9060 , 1-val_avg_n_loss:0.9086
[2024-03-19 23:56:34,206]::3886614157::DEBUG::Epoch: 21 , 1-MAE: 0.9076 , 1-val_avg_o_loss:0.9086 , 1-val_avg_c_loss:0.9031 , 1-val_avg_e_loss:0.9129 , 1-val_avg_a_loss:0.9094 , 1-val_avg_n_loss:0.9041
[2024-03-20 00:02:49,685]::3886614157::DEBUG::Epoch: 22 , 1-MAE: 0.9072 , 1-val_avg_o_loss:0.9104 , 1-val_avg_c_loss:0.9006 , 1-val_avg_e_loss:0.9115 , 1-val_avg_a_loss:0.9067 , 1-val_avg_n_loss:0.9066
[2024-03-20 00:09:05,310]::3886614157::DEBUG::Epoch: 23 , 1-MAE: 0.9081 , 1-val_avg_o_loss:0.9098 , 1-val_avg_c_loss:0.9049 , 1-val_avg_e_loss:0.9107 , 1-val_avg_a_loss:0.9097 , 1-val_avg_n_loss:0.9052
[2024-03-20 00:15:21,265]::3886614157::DEBUG::Epoch: 24 , 1-MAE: 0.9089 , 1-val_avg_o_loss:0.9097 , 1-val_avg_c_loss:0.9045 , 1-val_avg_e_loss:0.9121 , 1-val_avg_a_loss:0.9092 , 1-val_avg_n_loss:0.9090
[2024-03-20 00:21:37,310]::3886614157::DEBUG::Epoch: 25 , 1-MAE: 0.9094 , 1-val_avg_o_loss:0.9120 , 1-val_avg_c_loss:0.9062 , 1-val_avg_e_loss:0.9121 , 1-val_avg_a_loss:0.9100 , 1-val_avg_n_loss:0.9068
[2024-03-20 00:27:52,616]::3886614157::DEBUG::Epoch: 26 , 1-MAE: 0.9090 , 1-val_avg_o_loss:0.9095 , 1-val_avg_c_loss:0.9054 , 1-val_avg_e_loss:0.9108 , 1-val_avg_a_loss:0.9117 , 1-val_avg_n_loss:0.9074
[2024-03-20 00:34:07,913]::3886614157::DEBUG::Epoch: 27 , 1-MAE: 0.9097 , 1-val_avg_o_loss:0.9103 , 1-val_avg_c_loss:0.9056 , 1-val_avg_e_loss:0.9114 , 1-val_avg_a_loss:0.9123 , 1-val_avg_n_loss:0.9089
[2024-03-20 00:40:23,381]::3886614157::DEBUG::Epoch: 28 , 1-MAE: 0.9087 , 1-val_avg_o_loss:0.9114 , 1-val_avg_c_loss:0.9031 , 1-val_avg_e_loss:0.9089 , 1-val_avg_a_loss:0.9115 , 1-val_avg_n_loss:0.9084
[2024-03-20 00:46:39,645]::3886614157::DEBUG::Epoch: 29 , 1-MAE: 0.9086 , 1-val_avg_o_loss:0.9092 , 1-val_avg_c_loss:0.9040 , 1-val_avg_e_loss:0.9118 , 1-val_avg_a_loss:0.9105 , 1-val_avg_n_loss:0.9077
[2024-03-20 00:52:55,916]::3886614157::DEBUG::Epoch: 30 , 1-MAE: 0.9101 , 1-val_avg_o_loss:0.9118 , 1-val_avg_c_loss:0.9053 , 1-val_avg_e_loss:0.9127 , 1-val_avg_a_loss:0.9119 , 1-val_avg_n_loss:0.9089
[2024-03-20 00:59:11,595]::3886614157::DEBUG::Epoch: 31 , 1-MAE: 0.9089 , 1-val_avg_o_loss:0.9117 , 1-val_avg_c_loss:0.9047 , 1-val_avg_e_loss:0.9108 , 1-val_avg_a_loss:0.9095 , 1-val_avg_n_loss:0.9079
[2024-03-20 01:05:26,910]::3886614157::DEBUG::Epoch: 32 , 1-MAE: 0.9091 , 1-val_avg_o_loss:0.9111 , 1-val_avg_c_loss:0.9054 , 1-val_avg_e_loss:0.9113 , 1-val_avg_a_loss:0.9104 , 1-val_avg_n_loss:0.9072
[2024-03-20 01:11:42,284]::3886614157::DEBUG::Epoch: 33 , 1-MAE: 0.9093 , 1-val_avg_o_loss:0.9112 , 1-val_avg_c_loss:0.9043 , 1-val_avg_e_loss:0.9115 , 1-val_avg_a_loss:0.9108 , 1-val_avg_n_loss:0.9085
[2024-03-20 01:17:57,516]::3886614157::DEBUG::Epoch: 34 , 1-MAE: 0.9090 , 1-val_avg_o_loss:0.9094 , 1-val_avg_c_loss:0.9013 , 1-val_avg_e_loss:0.9132 , 1-val_avg_a_loss:0.9121 , 1-val_avg_n_loss:0.9090
[2024-03-20 01:24:13,724]::3886614157::DEBUG::Epoch: 35 , 1-MAE: 0.9099 , 1-val_avg_o_loss:0.9100 , 1-val_avg_c_loss:0.9058 , 1-val_avg_e_loss:0.9120 , 1-val_avg_a_loss:0.9116 , 1-val_avg_n_loss:0.9100
[2024-03-20 01:30:29,724]::3886614157::DEBUG::Epoch: 36 , 1-MAE: 0.9095 , 1-val_avg_o_loss:0.9094 , 1-val_avg_c_loss:0.9061 , 1-val_avg_e_loss:0.9113 , 1-val_avg_a_loss:0.9118 , 1-val_avg_n_loss:0.9091
[2024-03-20 01:36:45,941]::3886614157::DEBUG::Epoch: 37 , 1-MAE: 0.9096 , 1-val_avg_o_loss:0.9107 , 1-val_avg_c_loss:0.9055 , 1-val_avg_e_loss:0.9114 , 1-val_avg_a_loss:0.9113 , 1-val_avg_n_loss:0.9093
[2024-03-20 01:43:01,330]::3886614157::DEBUG::Epoch: 38 , 1-MAE: 0.9098 , 1-val_avg_o_loss:0.9115 , 1-val_avg_c_loss:0.9040 , 1-val_avg_e_loss:0.9135 , 1-val_avg_a_loss:0.9115 , 1-val_avg_n_loss:0.9084
[2024-03-20 01:49:16,503]::3886614157::DEBUG::Epoch: 39 , 1-MAE: 0.9094 , 1-val_avg_o_loss:0.9110 , 1-val_avg_c_loss:0.9050 , 1-val_avg_e_loss:0.9115 , 1-val_avg_a_loss:0.9113 , 1-val_avg_n_loss:0.9082
[2024-03-20 01:55:33,478]::3886614157::DEBUG::Epoch: 40 , 1-MAE: 0.9087 , 1-val_avg_o_loss:0.9078 , 1-val_avg_c_loss:0.9057 , 1-val_avg_e_loss:0.9106 , 1-val_avg_a_loss:0.9115 , 1-val_avg_n_loss:0.9078
[2024-03-20 02:01:49,268]::3886614157::DEBUG::Epoch: 41 , 1-MAE: 0.9103 , 1-val_avg_o_loss:0.9110 , 1-val_avg_c_loss:0.9058 , 1-val_avg_e_loss:0.9133 , 1-val_avg_a_loss:0.9122 , 1-val_avg_n_loss:0.9092
[2024-03-20 02:08:05,422]::3886614157::DEBUG::Epoch: 42 , 1-MAE: 0.9102 , 1-val_avg_o_loss:0.9104 , 1-val_avg_c_loss:0.9056 , 1-val_avg_e_loss:0.9140 , 1-val_avg_a_loss:0.9117 , 1-val_avg_n_loss:0.9093
[2024-03-20 02:14:21,834]::3886614157::DEBUG::Epoch: 43 , 1-MAE: 0.9104 , 1-val_avg_o_loss:0.9127 , 1-val_avg_c_loss:0.9064 , 1-val_avg_e_loss:0.9130 , 1-val_avg_a_loss:0.9108 , 1-val_avg_n_loss:0.9090
[2024-03-20 02:20:37,715]::3886614157::DEBUG::Epoch: 44 , 1-MAE: 0.9096 , 1-val_avg_o_loss:0.9113 , 1-val_avg_c_loss:0.9069 , 1-val_avg_e_loss:0.9136 , 1-val_avg_a_loss:0.9112 , 1-val_avg_n_loss:0.9053
[2024-03-20 02:26:54,756]::3886614157::DEBUG::Epoch: 45 , 1-MAE: 0.9090 , 1-val_avg_o_loss:0.9118 , 1-val_avg_c_loss:0.9027 , 1-val_avg_e_loss:0.9130 , 1-val_avg_a_loss:0.9097 , 1-val_avg_n_loss:0.9080
[2024-03-20 02:33:10,680]::3886614157::DEBUG::Epoch: 46 , 1-MAE: 0.9091 , 1-val_avg_o_loss:0.9099 , 1-val_avg_c_loss:0.9054 , 1-val_avg_e_loss:0.9126 , 1-val_avg_a_loss:0.9108 , 1-val_avg_n_loss:0.9070
[2024-03-20 02:39:26,101]::3886614157::DEBUG::Epoch: 47 , 1-MAE: 0.9097 , 1-val_avg_o_loss:0.9105 , 1-val_avg_c_loss:0.9053 , 1-val_avg_e_loss:0.9121 , 1-val_avg_a_loss:0.9120 , 1-val_avg_n_loss:0.9084
[2024-03-20 02:45:41,223]::3886614157::DEBUG::Epoch: 48 , 1-MAE: 0.9109 , 1-val_avg_o_loss:0.9118 , 1-val_avg_c_loss:0.9061 , 1-val_avg_e_loss:0.9139 , 1-val_avg_a_loss:0.9123 , 1-val_avg_n_loss:0.9104
[2024-03-20 02:51:56,547]::3886614157::DEBUG::Epoch: 49 , 1-MAE: 0.9101 , 1-val_avg_o_loss:0.9099 , 1-val_avg_c_loss:0.9055 , 1-val_avg_e_loss:0.9136 , 1-val_avg_a_loss:0.9127 , 1-val_avg_n_loss:0.9089
[2024-03-20 02:58:12,771]::3886614157::DEBUG::Epoch: 50 , 1-MAE: 0.9102 , 1-val_avg_o_loss:0.9123 , 1-val_avg_c_loss:0.9050 , 1-val_avg_e_loss:0.9129 , 1-val_avg_a_loss:0.9121 , 1-val_avg_n_loss:0.9085
[2024-03-20 03:04:28,956]::3886614157::DEBUG::Epoch: 51 , 1-MAE: 0.9104 , 1-val_avg_o_loss:0.9106 , 1-val_avg_c_loss:0.9074 , 1-val_avg_e_loss:0.9122 , 1-val_avg_a_loss:0.9123 , 1-val_avg_n_loss:0.9095
[2024-03-20 03:10:44,055]::3886614157::DEBUG::Epoch: 52 , 1-MAE: 0.9102 , 1-val_avg_o_loss:0.9120 , 1-val_avg_c_loss:0.9048 , 1-val_avg_e_loss:0.9142 , 1-val_avg_a_loss:0.9120 , 1-val_avg_n_loss:0.9079
[2024-03-20 03:16:59,555]::3886614157::DEBUG::Epoch: 53 , 1-MAE: 0.9095 , 1-val_avg_o_loss:0.9108 , 1-val_avg_c_loss:0.9033 , 1-val_avg_e_loss:0.9123 , 1-val_avg_a_loss:0.9124 , 1-val_avg_n_loss:0.9088
[2024-03-20 03:23:15,616]::3886614157::DEBUG::Epoch: 54 , 1-MAE: 0.9104 , 1-val_avg_o_loss:0.9116 , 1-val_avg_c_loss:0.9058 , 1-val_avg_e_loss:0.9131 , 1-val_avg_a_loss:0.9125 , 1-val_avg_n_loss:0.9091
[2024-03-20 03:29:31,092]::3886614157::DEBUG::Epoch: 55 , 1-MAE: 0.9100 , 1-val_avg_o_loss:0.9106 , 1-val_avg_c_loss:0.9049 , 1-val_avg_e_loss:0.9132 , 1-val_avg_a_loss:0.9124 , 1-val_avg_n_loss:0.9086
[2024-03-20 03:35:46,504]::3886614157::DEBUG::Epoch: 56 , 1-MAE: 0.9092 , 1-val_avg_o_loss:0.9101 , 1-val_avg_c_loss:0.9044 , 1-val_avg_e_loss:0.9115 , 1-val_avg_a_loss:0.9117 , 1-val_avg_n_loss:0.9081
[2024-03-20 03:42:02,136]::3886614157::DEBUG::Epoch: 57 , 1-MAE: 0.9107 , 1-val_avg_o_loss:0.9120 , 1-val_avg_c_loss:0.9060 , 1-val_avg_e_loss:0.9140 , 1-val_avg_a_loss:0.9123 , 1-val_avg_n_loss:0.9091
[2024-03-20 03:48:17,981]::3886614157::DEBUG::Epoch: 58 , 1-MAE: 0.9103 , 1-val_avg_o_loss:0.9114 , 1-val_avg_c_loss:0.9058 , 1-val_avg_e_loss:0.9147 , 1-val_avg_a_loss:0.9109 , 1-val_avg_n_loss:0.9085
[2024-03-20 03:54:33,401]::3886614157::DEBUG::Epoch: 59 , 1-MAE: 0.9105 , 1-val_avg_o_loss:0.9107 , 1-val_avg_c_loss:0.9065 , 1-val_avg_e_loss:0.9135 , 1-val_avg_a_loss:0.9122 , 1-val_avg_n_loss:0.9095
[2024-03-20 04:00:49,471]::3886614157::DEBUG::Epoch: 60 , 1-MAE: 0.9095 , 1-val_avg_o_loss:0.9110 , 1-val_avg_c_loss:0.9053 , 1-val_avg_e_loss:0.9124 , 1-val_avg_a_loss:0.9112 , 1-val_avg_n_loss:0.9075
[2024-03-20 04:07:04,326]::3886614157::DEBUG::Epoch: 61 , 1-MAE: 0.9103 , 1-val_avg_o_loss:0.9115 , 1-val_avg_c_loss:0.9049 , 1-val_avg_e_loss:0.9129 , 1-val_avg_a_loss:0.9126 , 1-val_avg_n_loss:0.9098
[2024-03-20 04:13:19,204]::3886614157::DEBUG::Epoch: 62 , 1-MAE: 0.9105 , 1-val_avg_o_loss:0.9114 , 1-val_avg_c_loss:0.9061 , 1-val_avg_e_loss:0.9129 , 1-val_avg_a_loss:0.9119 , 1-val_avg_n_loss:0.9104
[2024-03-20 04:19:34,820]::3886614157::DEBUG::Epoch: 63 , 1-MAE: 0.9102 , 1-val_avg_o_loss:0.9121 , 1-val_avg_c_loss:0.9051 , 1-val_avg_e_loss:0.9125 , 1-val_avg_a_loss:0.9124 , 1-val_avg_n_loss:0.9086
[2024-03-20 04:25:50,242]::3886614157::DEBUG::Epoch: 64 , 1-MAE: 0.9103 , 1-val_avg_o_loss:0.9119 , 1-val_avg_c_loss:0.9059 , 1-val_avg_e_loss:0.9131 , 1-val_avg_a_loss:0.9112 , 1-val_avg_n_loss:0.9094
[2024-03-20 04:32:07,255]::3886614157::DEBUG::Epoch: 65 , 1-MAE: 0.9110 , 1-val_avg_o_loss:0.9121 , 1-val_avg_c_loss:0.9061 , 1-val_avg_e_loss:0.9142 , 1-val_avg_a_loss:0.9130 , 1-val_avg_n_loss:0.9095
[2024-03-20 04:38:23,189]::3886614157::DEBUG::Epoch: 66 , 1-MAE: 0.9104 , 1-val_avg_o_loss:0.9119 , 1-val_avg_c_loss:0.9057 , 1-val_avg_e_loss:0.9130 , 1-val_avg_a_loss:0.9119 , 1-val_avg_n_loss:0.9097
[2024-03-20 04:44:39,113]::3886614157::DEBUG::Epoch: 67 , 1-MAE: 0.9102 , 1-val_avg_o_loss:0.9117 , 1-val_avg_c_loss:0.9060 , 1-val_avg_e_loss:0.9130 , 1-val_avg_a_loss:0.9119 , 1-val_avg_n_loss:0.9084
[2024-03-20 04:50:54,959]::3886614157::DEBUG::Epoch: 68 , 1-MAE: 0.9104 , 1-val_avg_o_loss:0.9113 , 1-val_avg_c_loss:0.9049 , 1-val_avg_e_loss:0.9132 , 1-val_avg_a_loss:0.9125 , 1-val_avg_n_loss:0.9100
[2024-03-20 04:57:10,735]::3886614157::DEBUG::Epoch: 69 , 1-MAE: 0.9102 , 1-val_avg_o_loss:0.9114 , 1-val_avg_c_loss:0.9056 , 1-val_avg_e_loss:0.9132 , 1-val_avg_a_loss:0.9114 , 1-val_avg_n_loss:0.9097
[2024-03-20 05:03:27,727]::3886614157::DEBUG::Epoch: 70 , 1-MAE: 0.9107 , 1-val_avg_o_loss:0.9118 , 1-val_avg_c_loss:0.9063 , 1-val_avg_e_loss:0.9138 , 1-val_avg_a_loss:0.9116 , 1-val_avg_n_loss:0.9100
[2024-03-20 05:09:43,169]::3886614157::DEBUG::Epoch: 71 , 1-MAE: 0.9106 , 1-val_avg_o_loss:0.9117 , 1-val_avg_c_loss:0.9051 , 1-val_avg_e_loss:0.9136 , 1-val_avg_a_loss:0.9123 , 1-val_avg_n_loss:0.9101
[2024-03-20 05:15:58,636]::3886614157::DEBUG::Epoch: 72 , 1-MAE: 0.9104 , 1-val_avg_o_loss:0.9113 , 1-val_avg_c_loss:0.9059 , 1-val_avg_e_loss:0.9134 , 1-val_avg_a_loss:0.9114 , 1-val_avg_n_loss:0.9101
[2024-03-20 05:22:14,375]::3886614157::DEBUG::Epoch: 73 , 1-MAE: 0.9108 , 1-val_avg_o_loss:0.9114 , 1-val_avg_c_loss:0.9065 , 1-val_avg_e_loss:0.9138 , 1-val_avg_a_loss:0.9126 , 1-val_avg_n_loss:0.9098
[2024-03-20 05:28:29,960]::3886614157::DEBUG::Epoch: 74 , 1-MAE: 0.9101 , 1-val_avg_o_loss:0.9122 , 1-val_avg_c_loss:0.9058 , 1-val_avg_e_loss:0.9115 , 1-val_avg_a_loss:0.9114 , 1-val_avg_n_loss:0.9095
[2024-03-20 05:34:46,544]::3886614157::DEBUG::Epoch: 75 , 1-MAE: 0.9095 , 1-val_avg_o_loss:0.9100 , 1-val_avg_c_loss:0.9055 , 1-val_avg_e_loss:0.9130 , 1-val_avg_a_loss:0.9103 , 1-val_avg_n_loss:0.9085
[2024-03-20 05:41:02,230]::3886614157::DEBUG::Epoch: 76 , 1-MAE: 0.9104 , 1-val_avg_o_loss:0.9119 , 1-val_avg_c_loss:0.9060 , 1-val_avg_e_loss:0.9134 , 1-val_avg_a_loss:0.9111 , 1-val_avg_n_loss:0.9096
[2024-03-20 05:47:17,581]::3886614157::DEBUG::Epoch: 77 , 1-MAE: 0.9103 , 1-val_avg_o_loss:0.9116 , 1-val_avg_c_loss:0.9061 , 1-val_avg_e_loss:0.9125 , 1-val_avg_a_loss:0.9120 , 1-val_avg_n_loss:0.9090
[2024-03-20 05:53:33,066]::3886614157::DEBUG::Epoch: 78 , 1-MAE: 0.9100 , 1-val_avg_o_loss:0.9111 , 1-val_avg_c_loss:0.9049 , 1-val_avg_e_loss:0.9122 , 1-val_avg_a_loss:0.9118 , 1-val_avg_n_loss:0.9099
[2024-03-20 05:59:48,039]::3886614157::DEBUG::Epoch: 79 , 1-MAE: 0.9102 , 1-val_avg_o_loss:0.9109 , 1-val_avg_c_loss:0.9063 , 1-val_avg_e_loss:0.9136 , 1-val_avg_a_loss:0.9111 , 1-val_avg_n_loss:0.9091
[2024-03-20 06:06:04,478]::3886614157::DEBUG::Epoch: 80 , 1-MAE: 0.9102 , 1-val_avg_o_loss:0.9113 , 1-val_avg_c_loss:0.9054 , 1-val_avg_e_loss:0.9129 , 1-val_avg_a_loss:0.9119 , 1-val_avg_n_loss:0.9096
[2024-03-20 06:12:19,550]::3886614157::DEBUG::Epoch: 81 , 1-MAE: 0.9102 , 1-val_avg_o_loss:0.9115 , 1-val_avg_c_loss:0.9050 , 1-val_avg_e_loss:0.9132 , 1-val_avg_a_loss:0.9118 , 1-val_avg_n_loss:0.9094
[2024-03-20 06:18:35,166]::3886614157::DEBUG::Epoch: 82 , 1-MAE: 0.9098 , 1-val_avg_o_loss:0.9109 , 1-val_avg_c_loss:0.9050 , 1-val_avg_e_loss:0.9129 , 1-val_avg_a_loss:0.9115 , 1-val_avg_n_loss:0.9086
[2024-03-20 06:24:50,811]::3886614157::DEBUG::Epoch: 83 , 1-MAE: 0.9101 , 1-val_avg_o_loss:0.9108 , 1-val_avg_c_loss:0.9054 , 1-val_avg_e_loss:0.9132 , 1-val_avg_a_loss:0.9117 , 1-val_avg_n_loss:0.9096
[2024-03-20 06:31:07,045]::3886614157::DEBUG::Epoch: 84 , 1-MAE: 0.9104 , 1-val_avg_o_loss:0.9114 , 1-val_avg_c_loss:0.9054 , 1-val_avg_e_loss:0.9136 , 1-val_avg_a_loss:0.9121 , 1-val_avg_n_loss:0.9095
[2024-03-20 06:37:23,631]::3886614157::DEBUG::Epoch: 85 , 1-MAE: 0.9101 , 1-val_avg_o_loss:0.9106 , 1-val_avg_c_loss:0.9055 , 1-val_avg_e_loss:0.9133 , 1-val_avg_a_loss:0.9118 , 1-val_avg_n_loss:0.9092
[2024-03-20 06:43:38,419]::3886614157::DEBUG::Epoch: 86 , 1-MAE: 0.9101 , 1-val_avg_o_loss:0.9104 , 1-val_avg_c_loss:0.9054 , 1-val_avg_e_loss:0.9136 , 1-val_avg_a_loss:0.9123 , 1-val_avg_n_loss:0.9088
[2024-03-20 06:49:53,775]::3886614157::DEBUG::Epoch: 87 , 1-MAE: 0.9100 , 1-val_avg_o_loss:0.9117 , 1-val_avg_c_loss:0.9053 , 1-val_avg_e_loss:0.9133 , 1-val_avg_a_loss:0.9110 , 1-val_avg_n_loss:0.9090
[2024-03-20 06:56:09,714]::3886614157::DEBUG::Epoch: 88 , 1-MAE: 0.9104 , 1-val_avg_o_loss:0.9118 , 1-val_avg_c_loss:0.9052 , 1-val_avg_e_loss:0.9134 , 1-val_avg_a_loss:0.9117 , 1-val_avg_n_loss:0.9099
[2024-03-20 07:02:26,714]::3886614157::DEBUG::Epoch: 89 , 1-MAE: 0.9098 , 1-val_avg_o_loss:0.9106 , 1-val_avg_c_loss:0.9045 , 1-val_avg_e_loss:0.9128 , 1-val_avg_a_loss:0.9119 , 1-val_avg_n_loss:0.9090
[2024-03-20 07:08:44,033]::3886614157::DEBUG::Epoch: 90 , 1-MAE: 0.9102 , 1-val_avg_o_loss:0.9117 , 1-val_avg_c_loss:0.9052 , 1-val_avg_e_loss:0.9129 , 1-val_avg_a_loss:0.9121 , 1-val_avg_n_loss:0.9091
[2024-03-20 07:14:59,663]::3886614157::DEBUG::Epoch: 91 , 1-MAE: 0.9103 , 1-val_avg_o_loss:0.9110 , 1-val_avg_c_loss:0.9052 , 1-val_avg_e_loss:0.9138 , 1-val_avg_a_loss:0.9117 , 1-val_avg_n_loss:0.9100
[2024-03-20 07:21:15,209]::3886614157::DEBUG::Epoch: 92 , 1-MAE: 0.9095 , 1-val_avg_o_loss:0.9108 , 1-val_avg_c_loss:0.9049 , 1-val_avg_e_loss:0.9126 , 1-val_avg_a_loss:0.9114 , 1-val_avg_n_loss:0.9080
[2024-03-20 07:27:31,471]::3886614157::DEBUG::Epoch: 93 , 1-MAE: 0.9099 , 1-val_avg_o_loss:0.9102 , 1-val_avg_c_loss:0.9050 , 1-val_avg_e_loss:0.9129 , 1-val_avg_a_loss:0.9125 , 1-val_avg_n_loss:0.9091
[2024-03-20 07:33:46,392]::3886614157::DEBUG::Epoch: 94 , 1-MAE: 0.9101 , 1-val_avg_o_loss:0.9117 , 1-val_avg_c_loss:0.9051 , 1-val_avg_e_loss:0.9133 , 1-val_avg_a_loss:0.9113 , 1-val_avg_n_loss:0.9092
[2024-03-20 07:40:02,281]::3886614157::DEBUG::Epoch: 95 , 1-MAE: 0.9100 , 1-val_avg_o_loss:0.9112 , 1-val_avg_c_loss:0.9051 , 1-val_avg_e_loss:0.9132 , 1-val_avg_a_loss:0.9110 , 1-val_avg_n_loss:0.9093
[2024-03-20 07:46:17,192]::3886614157::DEBUG::Epoch: 96 , 1-MAE: 0.9099 , 1-val_avg_o_loss:0.9109 , 1-val_avg_c_loss:0.9046 , 1-val_avg_e_loss:0.9138 , 1-val_avg_a_loss:0.9118 , 1-val_avg_n_loss:0.9084
[2024-03-20 07:52:32,537]::3886614157::DEBUG::Epoch: 97 , 1-MAE: 0.9101 , 1-val_avg_o_loss:0.9108 , 1-val_avg_c_loss:0.9049 , 1-val_avg_e_loss:0.9135 , 1-val_avg_a_loss:0.9116 , 1-val_avg_n_loss:0.9095
[2024-03-20 07:58:48,484]::3886614157::DEBUG::Epoch: 98 , 1-MAE: 0.9103 , 1-val_avg_o_loss:0.9111 , 1-val_avg_c_loss:0.9053 , 1-val_avg_e_loss:0.9139 , 1-val_avg_a_loss:0.9123 , 1-val_avg_n_loss:0.9087
[2024-03-20 08:05:04,753]::3886614157::DEBUG::Epoch: 99 , 1-MAE: 0.9099 , 1-val_avg_o_loss:0.9102 , 1-val_avg_c_loss:0.9051 , 1-val_avg_e_loss:0.9138 , 1-val_avg_a_loss:0.9111 , 1-val_avg_n_loss:0.9093
[2024-03-20 08:11:21,728]::3886614157::DEBUG::Epoch: 100 , 1-MAE: 0.9100 , 1-val_avg_o_loss:0.9113 , 1-val_avg_c_loss:0.9048 , 1-val_avg_e_loss:0.9132 , 1-val_avg_a_loss:0.9118 , 1-val_avg_n_loss:0.9087
[2024-03-20 08:17:37,306]::3886614157::DEBUG::Epoch: 101 , 1-MAE: 0.9098 , 1-val_avg_o_loss:0.9103 , 1-val_avg_c_loss:0.9053 , 1-val_avg_e_loss:0.9127 , 1-val_avg_a_loss:0.9119 , 1-val_avg_n_loss:0.9088
[2024-03-20 08:23:52,260]::3886614157::DEBUG::Epoch: 102 , 1-MAE: 0.9101 , 1-val_avg_o_loss:0.9108 , 1-val_avg_c_loss:0.9054 , 1-val_avg_e_loss:0.9137 , 1-val_avg_a_loss:0.9118 , 1-val_avg_n_loss:0.9089
[2024-03-20 08:30:08,432]::3886614157::DEBUG::Epoch: 103 , 1-MAE: 0.9092 , 1-val_avg_o_loss:0.9106 , 1-val_avg_c_loss:0.9034 , 1-val_avg_e_loss:0.9130 , 1-val_avg_a_loss:0.9108 , 1-val_avg_n_loss:0.9081
[2024-03-20 08:36:24,844]::3886614157::DEBUG::Epoch: 104 , 1-MAE: 0.9099 , 1-val_avg_o_loss:0.9108 , 1-val_avg_c_loss:0.9052 , 1-val_avg_e_loss:0.9137 , 1-val_avg_a_loss:0.9114 , 1-val_avg_n_loss:0.9087
[2024-03-20 08:42:42,221]::3886614157::DEBUG::Epoch: 105 , 1-MAE: 0.9098 , 1-val_avg_o_loss:0.9108 , 1-val_avg_c_loss:0.9055 , 1-val_avg_e_loss:0.9131 , 1-val_avg_a_loss:0.9107 , 1-val_avg_n_loss:0.9088
[2024-03-20 08:48:57,884]::3886614157::DEBUG::Epoch: 106 , 1-MAE: 0.9096 , 1-val_avg_o_loss:0.9102 , 1-val_avg_c_loss:0.9042 , 1-val_avg_e_loss:0.9134 , 1-val_avg_a_loss:0.9114 , 1-val_avg_n_loss:0.9087
[2024-03-20 08:55:13,018]::3886614157::DEBUG::Epoch: 107 , 1-MAE: 0.9109 , 1-val_avg_o_loss:0.9119 , 1-val_avg_c_loss:0.9063 , 1-val_avg_e_loss:0.9135 , 1-val_avg_a_loss:0.9123 , 1-val_avg_n_loss:0.9103
[2024-03-20 09:01:29,465]::3886614157::DEBUG::Epoch: 108 , 1-MAE: 0.9100 , 1-val_avg_o_loss:0.9115 , 1-val_avg_c_loss:0.9050 , 1-val_avg_e_loss:0.9128 , 1-val_avg_a_loss:0.9118 , 1-val_avg_n_loss:0.9091
[2024-03-20 09:07:45,565]::3886614157::DEBUG::Epoch: 109 , 1-MAE: 0.9096 , 1-val_avg_o_loss:0.9110 , 1-val_avg_c_loss:0.9051 , 1-val_avg_e_loss:0.9122 , 1-val_avg_a_loss:0.9113 , 1-val_avg_n_loss:0.9085
[2024-03-20 09:14:02,251]::3886614157::DEBUG::Epoch: 110 , 1-MAE: 0.9096 , 1-val_avg_o_loss:0.9107 , 1-val_avg_c_loss:0.9044 , 1-val_avg_e_loss:0.9132 , 1-val_avg_a_loss:0.9112 , 1-val_avg_n_loss:0.9083
[2024-03-20 09:20:17,950]::3886614157::DEBUG::Epoch: 111 , 1-MAE: 0.9103 , 1-val_avg_o_loss:0.9114 , 1-val_avg_c_loss:0.9049 , 1-val_avg_e_loss:0.9134 , 1-val_avg_a_loss:0.9123 , 1-val_avg_n_loss:0.9095
[2024-03-20 09:26:33,697]::3886614157::DEBUG::Epoch: 112 , 1-MAE: 0.9097 , 1-val_avg_o_loss:0.9105 , 1-val_avg_c_loss:0.9051 , 1-val_avg_e_loss:0.9132 , 1-val_avg_a_loss:0.9112 , 1-val_avg_n_loss:0.9084
[2024-03-20 09:32:49,911]::3886614157::DEBUG::Epoch: 113 , 1-MAE: 0.9101 , 1-val_avg_o_loss:0.9109 , 1-val_avg_c_loss:0.9053 , 1-val_avg_e_loss:0.9135 , 1-val_avg_a_loss:0.9121 , 1-val_avg_n_loss:0.9085
[2024-03-20 09:39:05,731]::3886614157::DEBUG::Epoch: 114 , 1-MAE: 0.9095 , 1-val_avg_o_loss:0.9101 , 1-val_avg_c_loss:0.9050 , 1-val_avg_e_loss:0.9128 , 1-val_avg_a_loss:0.9112 , 1-val_avg_n_loss:0.9085
[2024-03-20 09:45:22,635]::3886614157::DEBUG::Epoch: 115 , 1-MAE: 0.9099 , 1-val_avg_o_loss:0.9110 , 1-val_avg_c_loss:0.9045 , 1-val_avg_e_loss:0.9130 , 1-val_avg_a_loss:0.9117 , 1-val_avg_n_loss:0.9091
[2024-03-20 09:51:38,439]::3886614157::DEBUG::Epoch: 116 , 1-MAE: 0.9094 , 1-val_avg_o_loss:0.9106 , 1-val_avg_c_loss:0.9048 , 1-val_avg_e_loss:0.9117 , 1-val_avg_a_loss:0.9115 , 1-val_avg_n_loss:0.9083
[2024-03-20 09:57:53,728]::3886614157::DEBUG::Epoch: 117 , 1-MAE: 0.9095 , 1-val_avg_o_loss:0.9092 , 1-val_avg_c_loss:0.9053 , 1-val_avg_e_loss:0.9128 , 1-val_avg_a_loss:0.9116 , 1-val_avg_n_loss:0.9087
[2024-03-20 10:04:09,435]::3886614157::DEBUG::Epoch: 118 , 1-MAE: 0.9096 , 1-val_avg_o_loss:0.9109 , 1-val_avg_c_loss:0.9048 , 1-val_avg_e_loss:0.9134 , 1-val_avg_a_loss:0.9105 , 1-val_avg_n_loss:0.9085
[2024-03-20 10:10:25,419]::3886614157::DEBUG::Epoch: 119 , 1-MAE: 0.9099 , 1-val_avg_o_loss:0.9099 , 1-val_avg_c_loss:0.9053 , 1-val_avg_e_loss:0.9135 , 1-val_avg_a_loss:0.9116 , 1-val_avg_n_loss:0.9091
[2024-03-20 10:16:41,927]::3886614157::DEBUG::Epoch: 120 , 1-MAE: 0.9099 , 1-val_avg_o_loss:0.9105 , 1-val_avg_c_loss:0.9054 , 1-val_avg_e_loss:0.9132 , 1-val_avg_a_loss:0.9109 , 1-val_avg_n_loss:0.9096
[2024-03-21 14:32:28,369]::3435124833::DEBUG::=============fullshot and xlm-roberta+Video swin transformerTrain Strat!=============
